#
# There is insufficient memory for the Java Runtime Environment to continue.
# Native memory allocation (mmap) failed to map 35651584 bytes for committing reserved memory.
# Possible reasons:
#   The system is out of physical RAM or swap space
#   The process is running with CompressedOops enabled, and the Java Heap may be blocking the growth of the native heap
# Possible solutions:
#   Reduce memory load on the system
#   Increase physical memory or swap space
#   Check if swap backing store is full
#   Decrease Java heap size (-Xmx/-Xms)
#   Decrease number of Java threads
#   Decrease Java thread stack sizes (-Xss)
#   Set larger code cache with -XX:ReservedCodeCacheSize=
#   JVM is running with Unscaled Compressed Oops mode in which the Java heap is
#     placed in the first 4GB address space. The Java Heap base address is the
#     maximum limit for the native heap growth. Please use -XX:HeapBaseMinAddress
#     to set the Java Heap base and to place the Java Heap above 4GB virtual address.
# This output file may be truncated or incomplete.
#
#  Out of Memory Error (os_linux.cpp:2985), pid=1022, tid=1067
#
# JRE version: OpenJDK Runtime Environment (11.0.11+9) (build 11.0.11+9-Ubuntu-0ubuntu2.20.04)
# Java VM: OpenJDK 64-Bit Server VM (11.0.11+9-Ubuntu-0ubuntu2.20.04, mixed mode, sharing, tiered, compressed oops, g1 gc, linux-amd64)
# No core dump will be written. Core dumps have been disabled. To enable core dumping, try "ulimit -c unlimited" before starting Java again
#

---------------  S U M M A R Y ------------

Command Line: target/spring-petclinic-consumer-2.5.1.jar --eureka.instance.hostname=DESKTOP-MIHEKP9 --eureka.instance.ip-address=127.0.0.1 --eureka.instance.prefer-ip-address=true --spring.profiles.active=mysql

Host: Intel(R) Core(TM) i7-10750H CPU @ 2.60GHz, 4 cores, 2G, Ubuntu 20.04.3 LTS
Time: Wed Apr 27 07:10:29 2022 KST elapsed time: 41340.350079 seconds (0d 11h 29m 0s)

---------------  T H R E A D  ---------------

Current thread (0x00007f092410d000):  VMThread "VM Thread" [stack: 0x00007f092832f000,0x00007f092842f000] [id=1067]

Stack: [0x00007f092832f000,0x00007f092842f000],  sp=0x00007f092842ce30,  free space=1015k
Native frames: (J=compiled Java code, A=aot compiled Java code, j=interpreted, Vv=VM code, C=native code)
V  [libjvm.so+0xe8acba]
V  [libjvm.so+0xe8b9a1]
V  [libjvm.so+0x66bffa]
V  [libjvm.so+0xbd6330]
V  [libjvm.so+0xbcc7b1]
V  [libjvm.so+0x781722]
V  [libjvm.so+0x781b10]
V  [libjvm.so+0x78cd67]
V  [libjvm.so+0x80c508]
V  [libjvm.so+0x80d128]
V  [libjvm.so+0x80d75e]
V  [libjvm.so+0x73ad36]
V  [libjvm.so+0x73f47a]
V  [libjvm.so+0xe95e06]
V  [libjvm.so+0xe8d560]
V  [libjvm.so+0xe93507]
V  [libjvm.so+0xe93b40]
V  [libjvm.so+0xe93ea6]
V  [libjvm.so+0xe1d690]
V  [libjvm.so+0xbdac76]

VM_Operation (0x00007f088cbe3170): G1CollectForAllocation, mode: safepoint, requested by thread 0x00007f0898004800


---------------  P R O C E S S  ---------------

Threads class SMR info:
_java_thread_list=0x00007f0900002d40, length=54, elements={
0x00007f0924110000, 0x00007f0924112000, 0x00007f092411b000, 0x00007f092411d000,
0x00007f092411f000, 0x00007f0924121000, 0x00007f0924123000, 0x00007f092418a800,
0x00007f0924d5b000, 0x00007f08c0c69800, 0x00007f0924d62000, 0x00007f0925474000,
0x00007f0925050000, 0x00007f08a406e000, 0x00007f08a420c800, 0x00007f08a420d800,
0x00007f08a420b800, 0x00007f08a4103800, 0x00007f0924ec5800, 0x00007f0924ad9800,
0x00007f0925005000, 0x00007f092431d800, 0x00007f0925523800, 0x00007f0924ad8800,
0x00007f0924c8c800, 0x00007f0924f59000, 0x00007f092505e000, 0x00007f0924ab7000,
0x00007f09254a0800, 0x00007f0925560800, 0x00007f09251fa800, 0x00007f0924d29800,
0x00007f09250a1800, 0x00007f0924fa5800, 0x00007f088804f800, 0x00007f0888051000,
0x00007f0924c54800, 0x00007f0924fbf000, 0x00007f0924e51000, 0x00007f0924016000,
0x00007f089c013800, 0x00007f08d0001800, 0x00007f08dc0ec800, 0x00007f08c0134000,
0x00007f088806f800, 0x00007f088805b000, 0x000055ed2f179800, 0x00007f08dc1bf800,
0x00007f0898004800, 0x00007f08a8004000, 0x00007f08f4021800, 0x00007f08f401d000,
0x00007f08f4098000, 0x00007f0900002000
}

Java Threads: ( => current thread )
  0x00007f0924110000 JavaThread "Reference Handler" daemon [_thread_blocked, id=1069, stack(0x00007f092822c000,0x00007f092832d000)]
  0x00007f0924112000 JavaThread "Finalizer" daemon [_thread_blocked, id=1070, stack(0x00007f092812b000,0x00007f092822c000)]
  0x00007f092411b000 JavaThread "Signal Dispatcher" daemon [_thread_blocked, id=1072, stack(0x00007f090c31e000,0x00007f090c41f000)]
  0x00007f092411d000 JavaThread "Service Thread" daemon [_thread_blocked, id=1073, stack(0x00007f090c21d000,0x00007f090c31e000)]
  0x00007f092411f000 JavaThread "C2 CompilerThread0" daemon [_thread_blocked, id=1074, stack(0x00007f090c11c000,0x00007f090c21d000)]
  0x00007f0924121000 JavaThread "C1 CompilerThread0" daemon [_thread_blocked, id=1075, stack(0x00007f090c01b000,0x00007f090c11c000)]
  0x00007f0924123000 JavaThread "Sweeper thread" daemon [_thread_blocked, id=1076, stack(0x00007f08fdeff000,0x00007f08fe000000)]
  0x00007f092418a800 JavaThread "Common-Cleaner" daemon [_thread_blocked, id=1082, stack(0x00007f08fdcfc000,0x00007f08fddfd000)]
  0x00007f0924d5b000 JavaThread "Catalina-utility-1" [_thread_blocked, id=1148, stack(0x00007f08fdbfb000,0x00007f08fdcfc000)]
  0x00007f08c0c69800 JavaThread "Catalina-utility-2" [_thread_blocked, id=1149, stack(0x00007f08fd6f6000,0x00007f08fd7f7000)]
  0x00007f0924d62000 JavaThread "container-0" [_thread_blocked, id=1150, stack(0x00007f08fc0f0000,0x00007f08fc1f1000)]
  0x00007f0925474000 JavaThread "spring.cloud.inetutils" daemon [_thread_blocked, id=1157, stack(0x00007f08af0ff000,0x00007f08af200000)]
  0x00007f0925050000 JavaThread "parallel-1" daemon [_thread_blocked, id=1175, stack(0x00007f08ae9fe000,0x00007f08aeaff000)]
  0x00007f08a406e000 JavaThread "parallel-2" daemon [_thread_blocked, id=1176, stack(0x00007f08ae6fd000,0x00007f08ae7fe000)]
  0x00007f08a420c800 JavaThread "reactor-http-epoll-1" daemon [_thread_in_native, id=1177, stack(0x00007f08acbb2000,0x00007f08accb3000)]
  0x00007f08a420d800 JavaThread "reactor-http-epoll-2" daemon [_thread_in_native, id=1178, stack(0x00007f08acab1000,0x00007f08acbb2000)]
  0x00007f08a420b800 JavaThread "reactor-http-epoll-3" daemon [_thread_in_native, id=1179, stack(0x00007f08ac9b0000,0x00007f08acab1000)]
  0x00007f08a4103800 JavaThread "reactor-http-epoll-4" daemon [_thread_in_native, id=1180, stack(0x00007f08ac8af000,0x00007f08ac9b0000)]
  0x00007f0924ec5800 JavaThread "boundedElastic-evictor-1" daemon [_thread_blocked, id=1189, stack(0x00007f08ac5ae000,0x00007f08ac6af000)]
  0x00007f0924ad9800 JavaThread "pool-4-thread-1" [_thread_blocked, id=1190, stack(0x00007f08ac2ad000,0x00007f08ac3ae000)]
  0x00007f0925005000 JavaThread "http-nio-auto-1-BlockPoller" daemon [_thread_in_native, id=1191, stack(0x00007f08ac1ac000,0x00007f08ac2ad000)]
  0x00007f092431d800 JavaThread "http-nio-auto-1-exec-1" daemon [_thread_blocked, id=1192, stack(0x00007f08fd1f5000,0x00007f08fd2f6000)]
  0x00007f0925523800 JavaThread "http-nio-auto-1-exec-2" daemon [_thread_blocked, id=1193, stack(0x00007f08ac0ab000,0x00007f08ac1ac000)]
  0x00007f0924ad8800 JavaThread "http-nio-auto-1-exec-3" daemon [_thread_blocked, id=1194, stack(0x00007f088eefe000,0x00007f088efff000)]
  0x00007f0924c8c800 JavaThread "http-nio-auto-1-exec-4" daemon [_thread_blocked, id=1195, stack(0x00007f088edfd000,0x00007f088eefe000)]
  0x00007f0924f59000 JavaThread "http-nio-auto-1-exec-5" daemon [_thread_blocked, id=1196, stack(0x00007f088ecfc000,0x00007f088edfd000)]
  0x00007f092505e000 JavaThread "http-nio-auto-1-exec-6" daemon [_thread_blocked, id=1197, stack(0x00007f088ebfb000,0x00007f088ecfc000)]
  0x00007f0924ab7000 JavaThread "http-nio-auto-1-exec-7" daemon [_thread_blocked, id=1198, stack(0x00007f088eafa000,0x00007f088ebfb000)]
  0x00007f09254a0800 JavaThread "http-nio-auto-1-exec-8" daemon [_thread_blocked, id=1199, stack(0x00007f088e9f9000,0x00007f088eafa000)]
  0x00007f0925560800 JavaThread "http-nio-auto-1-exec-9" daemon [_thread_blocked, id=1200, stack(0x00007f088e8f8000,0x00007f088e9f9000)]
  0x00007f09251fa800 JavaThread "http-nio-auto-1-exec-10" daemon [_thread_blocked, id=1201, stack(0x00007f088e7f7000,0x00007f088e8f8000)]
  0x00007f0924d29800 JavaThread "http-nio-auto-1-ClientPoller" daemon [_thread_in_native, id=1202, stack(0x00007f088e6f6000,0x00007f088e7f7000)]
  0x00007f09250a1800 JavaThread "http-nio-auto-1-Acceptor" daemon [_thread_in_native, id=1203, stack(0x00007f088e5f5000,0x00007f088e6f6000)]
  0x00007f0924fa5800 JavaThread "AsyncResolver-bootstrap-0" daemon [_thread_blocked, id=1204, stack(0x00007f088e4f4000,0x00007f088e5f5000)]
  0x00007f088804f800 JavaThread "parallel-3" daemon [_thread_blocked, id=1207, stack(0x00007f088e3f3000,0x00007f088e4f4000)]
  0x00007f0888051000 JavaThread "parallel-4" daemon [_thread_blocked, id=1208, stack(0x00007f088e2f2000,0x00007f088e3f3000)]
  0x00007f0924c54800 JavaThread "DiscoveryClient-0" daemon [_thread_blocked, id=1210, stack(0x00007f088dcf0000,0x00007f088ddf1000)]
  0x00007f0924fbf000 JavaThread "DiscoveryClient-1" daemon [_thread_blocked, id=1211, stack(0x00007f088dbef000,0x00007f088dcf0000)]
  0x00007f0924e51000 JavaThread "DiscoveryClient-InstanceInfoReplicator-0" daemon [_thread_blocked, id=1212, stack(0x00007f088daee000,0x00007f088dbef000)]
  0x00007f0924016000 JavaThread "DestroyJavaVM" [_thread_blocked, id=1047, stack(0x00007f092b845000,0x00007f092b946000)]
  0x00007f089c013800 JavaThread "ForkJoinPool.commonPool-worker-3" daemon [_thread_blocked, id=1232, stack(0x00007f088cfe7000,0x00007f088d0e8000)]
  0x00007f08d0001800 JavaThread "DiscoveryClient-CacheRefreshExecutor-0" daemon [_thread_blocked, id=1339, stack(0x00007f088c8e2000,0x00007f088c9e3000)]
  0x00007f08dc0ec800 JavaThread "DiscoveryClient-HeartbeatExecutor-0" daemon [_thread_blocked, id=1340, stack(0x00007f088c7e1000,0x00007f088c8e2000)]
  0x00007f08c0134000 JavaThread "AsyncResolver-bootstrap-executor-0" daemon [_thread_blocked, id=1422, stack(0x00007f088d1e9000,0x00007f088d2ea000)]
  0x00007f088806f800 JavaThread "logback-1" daemon [_thread_blocked, id=2956, stack(0x00007f088d4ec000,0x00007f088d5ed000)]
  0x00007f088805b000 JavaThread "logback-2" daemon [_thread_blocked, id=2957, stack(0x00007f088c2e0000,0x00007f088c3e1000)]
  0x000055ed2f179800 JavaThread "boundedElastic-41" daemon [_thread_blocked, id=2962, stack(0x00007f088c0de000,0x00007f088c1df000)]
  0x00007f08dc1bf800 JavaThread "boundedElastic-44" daemon [_thread_blocked, id=2998, stack(0x00007f088cbe5000,0x00007f088cce6000)]
  0x00007f0898004800 JavaThread "reactor-executor-12" daemon [_thread_blocked, id=3010, stack(0x00007f088cae4000,0x00007f088cbe5000)]
  0x00007f08a8004000 JavaThread "reactor-executor-13" daemon [_thread_blocked, id=3014, stack(0x00007f088dff1000,0x00007f088e0f2000)]
  0x00007f08f4021800 JavaThread "boundedElastic-46" daemon [_thread_blocked, id=3025, stack(0x00007f088d2ea000,0x00007f088d3eb000)]
  0x00007f08f401d000 JavaThread "boundedElastic-47" daemon [_thread_blocked, id=3026, stack(0x00007f088d3eb000,0x00007f088d4ec000)]
  0x00007f08f4098000 JavaThread "boundedElastic-48" daemon [_thread_blocked, id=3027, stack(0x00007f088c1df000,0x00007f088c2e0000)]
  0x00007f0900002000 JavaThread "boundedElastic-49" daemon [_thread_blocked, id=3028, stack(0x00007f088d5ed000,0x00007f088d6ee000)]

Other Threads:
=>0x00007f092410d000 VMThread "VM Thread" [stack: 0x00007f092832f000,0x00007f092842f000] [id=1067]
  0x00007f0924187800 WatcherThread [stack: 0x00007f08fddff000,0x00007f08fdeff000] [id=1081]
  0x00007f092402d800 GCTaskThread "GC Thread#0" [stack: 0x00007f092b4f8000,0x00007f092b5f8000] [id=1049]
  0x00007f08f4001000 GCTaskThread "GC Thread#1" [stack: 0x00007f08fdafb000,0x00007f08fdbfb000] [id=1089]
  0x00007f08f4095000 GCTaskThread "GC Thread#2" [stack: 0x00007f08fd0f5000,0x00007f08fd1f5000] [id=1111]
  0x00007f08f4096800 GCTaskThread "GC Thread#3" [stack: 0x00007f08fcff3000,0x00007f08fd0f3000] [id=1112]
  0x00007f0924043800 ConcurrentGCThread "G1 Main Marker" [stack: 0x00007f0929417000,0x00007f0929517000] [id=1050]
  0x00007f0924045800 ConcurrentGCThread "G1 Conc#0" [stack: 0x00007f0929315000,0x00007f0929415000] [id=1051]
  0x00007f092407d800 ConcurrentGCThread "G1 Refine#0" [stack: 0x00007f0928e0f000,0x00007f0928f0f000] [id=1052]
  0x00007f08f8001000 ConcurrentGCThread "G1 Refine#1" [stack: 0x00007f08fd9f9000,0x00007f08fdaf9000] [id=1094]
  0x00007f092407f800 ConcurrentGCThread "G1 Young RemSet Sampling" [stack: 0x00007f0928d0d000,0x00007f0928e0d000] [id=1053]

Threads with active compile tasks:

VM state:at safepoint (normal execution)

VM Mutex/Monitor currently owned by a thread:  ([mutex/lock_event])
[0x00007f0924012ca0] Threads_lock - owner thread: 0x00007f092410d000
[0x00007f0924013480] Heap_lock - owner thread: 0x00007f0898004800

Heap address: 0x00000000d1400000, size: 748 MB, Compressed Oops mode: 32-bit
Narrow klass base: 0x0000000800000000, Narrow klass shift: 3
Compressed class space size: 1073741824 Address: 0x0000000840000000

Heap:
 garbage-first heap   total 123904K, used 36513K [0x00000000d1400000, 0x0000000100000000)
  region size 1024K, 1 young (1024K), 1 survivors (1024K)
 Metaspace       used 86678K, capacity 89115K, committed 89728K, reserved 1128448K
  class space    used 10340K, capacity 11354K, committed 11648K, reserved 1048576K
Heap Regions: E=young(eden), S=young(survivor), O=old, HS=humongous(starts), HC=humongous(continues), CS=collection set, F=free, A=archive, TAMS=top-at-mark-start (previous, next)
|   0|0x00000000d1400000, 0x00000000d1500000, 0x00000000d1500000|100%| O|  |TAMS 0x00000000d1500000, 0x00000000d1500000| Untracked 
|   1|0x00000000d1500000, 0x00000000d1600000, 0x00000000d1600000|100%| O|  |TAMS 0x00000000d1600000, 0x00000000d1600000| Untracked 
|   2|0x00000000d1600000, 0x00000000d1700000, 0x00000000d1700000|100%| O|  |TAMS 0x00000000d1700000, 0x00000000d1700000| Untracked 
|   3|0x00000000d1700000, 0x00000000d1800000, 0x00000000d1800000|100%| O|  |TAMS 0x00000000d1800000, 0x00000000d1800000| Untracked 
|   4|0x00000000d1800000, 0x00000000d1900000, 0x00000000d1900000|100%| O|  |TAMS 0x00000000d1900000, 0x00000000d1900000| Untracked 
|   5|0x00000000d1900000, 0x00000000d1a00000, 0x00000000d1a00000|100%| O|  |TAMS 0x00000000d1a00000, 0x00000000d1a00000| Untracked 
|   6|0x00000000d1a00000, 0x00000000d1b00000, 0x00000000d1b00000|100%| O|  |TAMS 0x00000000d1b00000, 0x00000000d1b00000| Untracked 
|   7|0x00000000d1b00000, 0x00000000d1b9ec00, 0x00000000d1c00000| 62%| O|  |TAMS 0x00000000d1b9c200, 0x00000000d1b9ec00| Untracked 
|   8|0x00000000d1c00000, 0x00000000d1d00000, 0x00000000d1d00000|100%| O|  |TAMS 0x00000000d1d00000, 0x00000000d1d00000| Untracked 
|   9|0x00000000d1d00000, 0x00000000d1e00000, 0x00000000d1e00000|100%| O|  |TAMS 0x00000000d1e00000, 0x00000000d1e00000| Untracked 
|  10|0x00000000d1e00000, 0x00000000d1f00000, 0x00000000d1f00000|100%| O|  |TAMS 0x00000000d1f00000, 0x00000000d1f00000| Untracked 
|  11|0x00000000d1f00000, 0x00000000d2000000, 0x00000000d2000000|100%| O|  |TAMS 0x00000000d2000000, 0x00000000d2000000| Untracked 
|  12|0x00000000d2000000, 0x00000000d2000000, 0x00000000d2100000|  0%| F|  |TAMS 0x00000000d2000000, 0x00000000d2000000| Untracked 
|  13|0x00000000d2100000, 0x00000000d2200000, 0x00000000d2200000|100%| O|  |TAMS 0x00000000d2200000, 0x00000000d2200000| Untracked 
|  14|0x00000000d2200000, 0x00000000d2300000, 0x00000000d2300000|100%| O|  |TAMS 0x00000000d2300000, 0x00000000d2300000| Untracked 
|  15|0x00000000d2300000, 0x00000000d2400000, 0x00000000d2400000|100%| O|  |TAMS 0x00000000d2400000, 0x00000000d2400000| Untracked 
|  16|0x00000000d2400000, 0x00000000d2500000, 0x00000000d2500000|100%| O|  |TAMS 0x00000000d2500000, 0x00000000d2500000| Untracked 
|  17|0x00000000d2500000, 0x00000000d2600000, 0x00000000d2600000|100%| O|  |TAMS 0x00000000d2600000, 0x00000000d2600000| Untracked 
|  18|0x00000000d2600000, 0x00000000d2700000, 0x00000000d2700000|100%| O|  |TAMS 0x00000000d2700000, 0x00000000d2700000| Untracked 
|  19|0x00000000d2700000, 0x00000000d2800000, 0x00000000d2800000|100%| O|  |TAMS 0x00000000d2800000, 0x00000000d2800000| Untracked 
|  20|0x00000000d2800000, 0x00000000d2900000, 0x00000000d2900000|100%| O|  |TAMS 0x00000000d2900000, 0x00000000d2900000| Untracked 
|  21|0x00000000d2900000, 0x00000000d2900000, 0x00000000d2a00000|  0%| F|  |TAMS 0x00000000d2900000, 0x00000000d2900000| Untracked 
|  22|0x00000000d2a00000, 0x00000000d2a00000, 0x00000000d2b00000|  0%| F|  |TAMS 0x00000000d2a00000, 0x00000000d2a00000| Untracked 
|  23|0x00000000d2b00000, 0x00000000d2b00000, 0x00000000d2c00000|  0%| F|  |TAMS 0x00000000d2b00000, 0x00000000d2b00000| Untracked 
|  24|0x00000000d2c00000, 0x00000000d2d00000, 0x00000000d2d00000|100%| O|  |TAMS 0x00000000d2d00000, 0x00000000d2d00000| Untracked 
|  25|0x00000000d2d00000, 0x00000000d2e00000, 0x00000000d2e00000|100%| O|  |TAMS 0x00000000d2e00000, 0x00000000d2e00000| Untracked 
|  26|0x00000000d2e00000, 0x00000000d2f00000, 0x00000000d2f00000|100%| O|  |TAMS 0x00000000d2f00000, 0x00000000d2f00000| Untracked 
|  27|0x00000000d2f00000, 0x00000000d2f00000, 0x00000000d3000000|  0%| F|  |TAMS 0x00000000d2f00000, 0x00000000d2f00000| Untracked 
|  28|0x00000000d3000000, 0x00000000d3000000, 0x00000000d3100000|  0%| F|  |TAMS 0x00000000d3000000, 0x00000000d3000000| Untracked 
|  29|0x00000000d3100000, 0x00000000d3200000, 0x00000000d3200000|100%| O|  |TAMS 0x00000000d3200000, 0x00000000d3200000| Untracked 
|  30|0x00000000d3200000, 0x00000000d3300000, 0x00000000d3300000|100%| O|  |TAMS 0x00000000d3300000, 0x00000000d3300000| Untracked 
|  31|0x00000000d3300000, 0x00000000d3300000, 0x00000000d3400000|  0%| F|  |TAMS 0x00000000d3300000, 0x00000000d3300000| Untracked 
|  32|0x00000000d3400000, 0x00000000d3500000, 0x00000000d3500000|100%| O|  |TAMS 0x00000000d3500000, 0x00000000d3500000| Untracked 
|  33|0x00000000d3500000, 0x00000000d3600000, 0x00000000d3600000|100%| O|  |TAMS 0x00000000d3600000, 0x00000000d3600000| Untracked 
|  34|0x00000000d3600000, 0x00000000d3700000, 0x00000000d3700000|100%| O|  |TAMS 0x00000000d3700000, 0x00000000d3700000| Untracked 
|  35|0x00000000d3700000, 0x00000000d3800000, 0x00000000d3800000|100%| O|  |TAMS 0x00000000d3800000, 0x00000000d3800000| Untracked 
|  36|0x00000000d3800000, 0x00000000d3800000, 0x00000000d3900000|  0%| F|  |TAMS 0x00000000d3800000, 0x00000000d3800000| Untracked 
|  37|0x00000000d3900000, 0x00000000d3a00000, 0x00000000d3a00000|100%| O|  |TAMS 0x00000000d3a00000, 0x00000000d3a00000| Untracked 
|  38|0x00000000d3a00000, 0x00000000d3b00000, 0x00000000d3b00000|100%| O|  |TAMS 0x00000000d3b00000, 0x00000000d3b00000| Untracked 
|  39|0x00000000d3b00000, 0x00000000d3b00000, 0x00000000d3c00000|  0%| F|  |TAMS 0x00000000d3b00000, 0x00000000d3b00000| Untracked 
|  40|0x00000000d3c00000, 0x00000000d3c00000, 0x00000000d3d00000|  0%| F|  |TAMS 0x00000000d3c00000, 0x00000000d3c00000| Untracked 
|  41|0x00000000d3d00000, 0x00000000d3d00000, 0x00000000d3e00000|  0%| F|  |TAMS 0x00000000d3d00000, 0x00000000d3d00000| Untracked 
|  42|0x00000000d3e00000, 0x00000000d3e09a70, 0x00000000d3f00000|  3%| S|CS|TAMS 0x00000000d3e00000, 0x00000000d3e00000| Complete 
|  43|0x00000000d3f00000, 0x00000000d3f00000, 0x00000000d4000000|  0%| F|  |TAMS 0x00000000d3f00000, 0x00000000d3f00000| Untracked 
|  44|0x00000000d4000000, 0x00000000d4100000, 0x00000000d4100000|100%| O|  |TAMS 0x00000000d4100000, 0x00000000d4100000| Untracked 
|  45|0x00000000d4100000, 0x00000000d4200000, 0x00000000d4200000|100%| O|  |TAMS 0x00000000d4200000, 0x00000000d4200000| Untracked 
|  46|0x00000000d4200000, 0x00000000d4200000, 0x00000000d4300000|  0%| F|  |TAMS 0x00000000d4200000, 0x00000000d4200000| Untracked 
|  47|0x00000000d4300000, 0x00000000d4400000, 0x00000000d4400000|100%| O|  |TAMS 0x00000000d4400000, 0x00000000d4400000| Untracked 
|  48|0x00000000d4400000, 0x00000000d4500000, 0x00000000d4500000|100%| O|  |TAMS 0x00000000d4500000, 0x00000000d4500000| Untracked 
|  49|0x00000000d4500000, 0x00000000d4500000, 0x00000000d4600000|  0%| F|  |TAMS 0x00000000d4500000, 0x00000000d4500000| Untracked 
|  50|0x00000000d4600000, 0x00000000d4600000, 0x00000000d4700000|  0%| F|  |TAMS 0x00000000d4600000, 0x00000000d4600000| Untracked 
|  51|0x00000000d4700000, 0x00000000d4800000, 0x00000000d4800000|100%| O|  |TAMS 0x00000000d4800000, 0x00000000d4800000| Untracked 
|  52|0x00000000d4800000, 0x00000000d4800000, 0x00000000d4900000|  0%| F|  |TAMS 0x00000000d4800000, 0x00000000d4800000| Untracked 
|  53|0x00000000d4900000, 0x00000000d4900000, 0x00000000d4a00000|  0%| F|  |TAMS 0x00000000d4900000, 0x00000000d4900000| Untracked 
|  54|0x00000000d4a00000, 0x00000000d4a00000, 0x00000000d4b00000|  0%| F|  |TAMS 0x00000000d4a00000, 0x00000000d4a00000| Untracked 
|  55|0x00000000d4b00000, 0x00000000d4b00000, 0x00000000d4c00000|  0%| F|  |TAMS 0x00000000d4b00000, 0x00000000d4b00000| Untracked 
|  56|0x00000000d4c00000, 0x00000000d4c00000, 0x00000000d4d00000|  0%| F|  |TAMS 0x00000000d4c00000, 0x00000000d4c00000| Untracked 
|  57|0x00000000d4d00000, 0x00000000d4d00000, 0x00000000d4e00000|  0%| F|  |TAMS 0x00000000d4d00000, 0x00000000d4d00000| Untracked 
|  58|0x00000000d4e00000, 0x00000000d4e00000, 0x00000000d4f00000|  0%| F|  |TAMS 0x00000000d4e00000, 0x00000000d4e00000| Untracked 
|  59|0x00000000d4f00000, 0x00000000d4f00000, 0x00000000d5000000|  0%| F|  |TAMS 0x00000000d4f00000, 0x00000000d4f00000| Untracked 
|  60|0x00000000d5000000, 0x00000000d5000000, 0x00000000d5100000|  0%| F|  |TAMS 0x00000000d5000000, 0x00000000d5000000| Untracked 
|  61|0x00000000d5100000, 0x00000000d5100000, 0x00000000d5200000|  0%| F|  |TAMS 0x00000000d5100000, 0x00000000d5100000| Untracked 
|  62|0x00000000d5200000, 0x00000000d5200000, 0x00000000d5300000|  0%| F|  |TAMS 0x00000000d5200000, 0x00000000d5200000| Untracked 
|  63|0x00000000d5300000, 0x00000000d5300000, 0x00000000d5400000|  0%| F|  |TAMS 0x00000000d5300000, 0x00000000d5300000| Untracked 
|  64|0x00000000d5400000, 0x00000000d5400000, 0x00000000d5500000|  0%| F|  |TAMS 0x00000000d5400000, 0x00000000d5400000| Untracked 
|  65|0x00000000d5500000, 0x00000000d5500000, 0x00000000d5600000|  0%| F|  |TAMS 0x00000000d5500000, 0x00000000d5500000| Untracked 
|  66|0x00000000d5600000, 0x00000000d5600000, 0x00000000d5700000|  0%| F|  |TAMS 0x00000000d5600000, 0x00000000d5600000| Untracked 
|  67|0x00000000d5700000, 0x00000000d5700000, 0x00000000d5800000|  0%| F|  |TAMS 0x00000000d5700000, 0x00000000d5700000| Untracked 
|  68|0x00000000d5800000, 0x00000000d5800000, 0x00000000d5900000|  0%| F|  |TAMS 0x00000000d5800000, 0x00000000d5800000| Untracked 
|  69|0x00000000d5900000, 0x00000000d5900000, 0x00000000d5a00000|  0%| F|  |TAMS 0x00000000d5900000, 0x00000000d5900000| Untracked 
|  70|0x00000000d5a00000, 0x00000000d5a00000, 0x00000000d5b00000|  0%| F|  |TAMS 0x00000000d5a00000, 0x00000000d5a00000| Untracked 
|  71|0x00000000d5b00000, 0x00000000d5b00000, 0x00000000d5c00000|  0%| F|  |TAMS 0x00000000d5b00000, 0x00000000d5b00000| Untracked 
|  72|0x00000000d5c00000, 0x00000000d5c00000, 0x00000000d5d00000|  0%| F|  |TAMS 0x00000000d5c00000, 0x00000000d5c00000| Untracked 
|  73|0x00000000d5d00000, 0x00000000d5d00000, 0x00000000d5e00000|  0%| F|  |TAMS 0x00000000d5d00000, 0x00000000d5d00000| Untracked 
|  74|0x00000000d5e00000, 0x00000000d5e00000, 0x00000000d5f00000|  0%| F|  |TAMS 0x00000000d5e00000, 0x00000000d5e00000| Untracked 
|  75|0x00000000d5f00000, 0x00000000d5f00000, 0x00000000d6000000|  0%| F|  |TAMS 0x00000000d5f00000, 0x00000000d5f00000| Untracked 
|  76|0x00000000d6000000, 0x00000000d6000000, 0x00000000d6100000|  0%| F|  |TAMS 0x00000000d6000000, 0x00000000d6000000| Untracked 
|  77|0x00000000d6100000, 0x00000000d6100000, 0x00000000d6200000|  0%| F|  |TAMS 0x00000000d6100000, 0x00000000d6100000| Untracked 
|  78|0x00000000d6200000, 0x00000000d6200000, 0x00000000d6300000|  0%| F|  |TAMS 0x00000000d6200000, 0x00000000d6200000| Untracked 
|  79|0x00000000d6300000, 0x00000000d6300000, 0x00000000d6400000|  0%| F|  |TAMS 0x00000000d6300000, 0x00000000d6300000| Untracked 
|  80|0x00000000d6400000, 0x00000000d6400000, 0x00000000d6500000|  0%| F|  |TAMS 0x00000000d6400000, 0x00000000d6400000| Untracked 
|  81|0x00000000d6500000, 0x00000000d6500000, 0x00000000d6600000|  0%| F|  |TAMS 0x00000000d6500000, 0x00000000d6500000| Untracked 
|  82|0x00000000d6600000, 0x00000000d6600000, 0x00000000d6700000|  0%| F|  |TAMS 0x00000000d6600000, 0x00000000d6600000| Untracked 
|  83|0x00000000d6700000, 0x00000000d6700000, 0x00000000d6800000|  0%| F|  |TAMS 0x00000000d6700000, 0x00000000d6700000| Untracked 
|  84|0x00000000d6800000, 0x00000000d6800000, 0x00000000d6900000|  0%| F|  |TAMS 0x00000000d6800000, 0x00000000d6800000| Untracked 
|  85|0x00000000d6900000, 0x00000000d6900000, 0x00000000d6a00000|  0%| F|  |TAMS 0x00000000d6900000, 0x00000000d6900000| Untracked 
|  86|0x00000000d6a00000, 0x00000000d6a00000, 0x00000000d6b00000|  0%| F|  |TAMS 0x00000000d6a00000, 0x00000000d6a00000| Untracked 

Card table byte_map: [0x00007f092ae06000,0x00007f092af7c000] _byte_map_base: 0x00007f092a77c000

Marking Bits (Prev, Next): (CMBitMap*) 0x00007f092403fe40, (CMBitMap*) 0x00007f092403fe08
 Prev Bits: [0x00007f0929530000, 0x00007f092a0e0000)
 Next Bits: [0x00007f092a0e0000, 0x00007f092ac90000)

Polling page: 0x00007f092d175000

Metaspace:

Usage:
  Non-class:     75.94 MB capacity,    74.55 MB ( 98%) used,     1.06 MB (  1%) free+waste,   338.88 KB ( <1%) overhead. 
      Class:     11.09 MB capacity,    10.10 MB ( 91%) used,   865.41 KB (  8%) free+waste,   148.00 KB (  1%) overhead. 
       Both:     87.03 MB capacity,    84.65 MB ( 97%) used,     1.90 MB (  2%) free+waste,   486.88 KB ( <1%) overhead. 

Virtual space:
  Non-class space:       78.00 MB reserved,      76.25 MB ( 98%) committed 
      Class space:        1.00 GB reserved,      11.38 MB (  1%) committed 
             Both:        1.08 GB reserved,      87.62 MB (  8%) committed 

Chunk freelists:
   Non-Class:  203.00 KB
       Class:  198.00 KB
        Both:  401.00 KB

MaxMetaspaceSize: unlimited
CompressedClassSpaceSize: 1.00 GB

CodeHeap 'non-profiled nmethods': size=120032Kb used=17465Kb max_used=17465Kb free=102566Kb
 bounds [0x00007f0914340000, 0x00007f0915460000, 0x00007f091b878000]
CodeHeap 'profiled nmethods': size=120032Kb used=41824Kb max_used=43654Kb free=78207Kb
 bounds [0x00007f090ce08000, 0x00007f090f8c8000, 0x00007f0914340000]
CodeHeap 'non-nmethods': size=5696Kb used=1351Kb max_used=1403Kb free=4344Kb
 bounds [0x00007f090c878000, 0x00007f090cae8000, 0x00007f090ce08000]
 total_blobs=19201 nmethods=18444 adapters=668
 compilation: enabled
              stopped_count=0, restarted_count=0
 full_count=0

Compilation events (20 events):
Event: 41339.991 Thread 0x00007f0924121000 nmethod 21184 0x00007f090ddf7210 code [0x00007f090ddf7400, 0x00007f090ddf7920]
Event: 41339.991 Thread 0x00007f0924121000 21185       3       java.util.stream.ReduceOps$8ReducingSink::begin (9 bytes)
Event: 41339.991 Thread 0x00007f0924121000 nmethod 21185 0x00007f090d8d7110 code [0x00007f090d8d72c0, 0x00007f090d8d73d0]
Event: 41339.991 Thread 0x00007f0924121000 21186       3       java.util.stream.ReferencePipeline$5$1::accept (23 bytes)
Event: 41339.991 Thread 0x00007f0924121000 nmethod 21186 0x00007f090de00090 code [0x00007f090de00260, 0x00007f090de00530]
Event: 41339.991 Thread 0x00007f0924121000 21187       3       java.util.stream.ReduceOps$8ReducingSink::accept (19 bytes)
Event: 41339.992 Thread 0x00007f0924121000 nmethod 21187 0x00007f090de01a90 code [0x00007f090de01c60, 0x00007f090de01e90]
Event: 41339.992 Thread 0x00007f0924121000 21188       3       java.util.stream.LongPipeline$$Lambda$811/0x00000008405c8440::applyAsLong (6 bytes)
Event: 41339.992 Thread 0x00007f0924121000 nmethod 21188 0x00007f090d946910 code [0x00007f090d946ac0, 0x00007f090d946c30]
Event: 41339.992 Thread 0x00007f0924121000 21189       3       java.lang.Long::sum (4 bytes)
Event: 41339.992 Thread 0x00007f0924121000 nmethod 21189 0x00007f090d02ca10 code [0x00007f090d02cbc0, 0x00007f090d02cc90]
Event: 41339.992 Thread 0x00007f0924121000 21190       3       java.util.stream.ReduceOps$8ReducingSink::get (5 bytes)
Event: 41339.992 Thread 0x00007f0924121000 nmethod 21190 0x00007f090d99a910 code [0x00007f090d99aae0, 0x00007f090d99ac80]
Event: 41339.992 Thread 0x00007f0924121000 21191       3       java.util.stream.ReduceOps$8ReducingSink::get (8 bytes)
Event: 41339.992 Thread 0x00007f0924121000 nmethod 21191 0x00007f090d8e3990 code [0x00007f090d8e3b40, 0x00007f090d8e3c80]
Event: 41340.060 Thread 0x00007f092411f000 nmethod 21179 0x00007f0915450590 code [0x00007f0915450940, 0x00007f0915454148]
Event: 41340.061 Thread 0x00007f092411f000 21181       4       sun.nio.ch.SourceChannelImpl::translateAndSetReadyOps (8 bytes)
Event: 41340.062 Thread 0x00007f092411f000 nmethod 21181 0x00007f0914d26510 code [0x00007f0914d266a0, 0x00007f0914d267d8]
Event: 41340.062 Thread 0x00007f092411f000 21182       4       sun.nio.ch.SourceChannelImpl::translateReadyOps (114 bytes)
Event: 41340.065 Thread 0x00007f092411f000 nmethod 21182 0x00007f0914d88210 code [0x00007f0914d883a0, 0x00007f0914d884f8]

GC Heap History (20 events):
Event: 41339.963 GC heap after
{Heap after GC invocations=339 (full 0):
 garbage-first heap   total 89088K, used 42727K [0x00000000d1400000, 0x0000000100000000)
  region size 1024K, 1 young (1024K), 1 survivors (1024K)
 Metaspace       used 86674K, capacity 89115K, committed 89728K, reserved 1128448K
  class space    used 10340K, capacity 11354K, committed 11648K, reserved 1048576K
}
Event: 41339.971 GC heap before
{Heap before GC invocations=339 (full 0):
 garbage-first heap   total 89088K, used 45799K [0x00000000d1400000, 0x0000000100000000)
  region size 1024K, 4 young (4096K), 1 survivors (1024K)
 Metaspace       used 86674K, capacity 89115K, committed 89728K, reserved 1128448K
  class space    used 10340K, capacity 11354K, committed 11648K, reserved 1048576K
}
Event: 41339.977 GC heap after
{Heap after GC invocations=340 (full 0):
 garbage-first heap   total 89088K, used 37413K [0x00000000d1400000, 0x0000000100000000)
  region size 1024K, 1 young (1024K), 1 survivors (1024K)
 Metaspace       used 86674K, capacity 89115K, committed 89728K, reserved 1128448K
  class space    used 10340K, capacity 11354K, committed 11648K, reserved 1048576K
}
Event: 41339.981 GC heap before
{Heap before GC invocations=340 (full 0):
 garbage-first heap   total 89088K, used 40485K [0x00000000d1400000, 0x0000000100000000)
  region size 1024K, 4 young (4096K), 1 survivors (1024K)
 Metaspace       used 86674K, capacity 89115K, committed 89728K, reserved 1128448K
  class space    used 10340K, capacity 11354K, committed 11648K, reserved 1048576K
}
Event: 41339.985 GC heap after
{Heap after GC invocations=341 (full 0):
 garbage-first heap   total 89088K, used 37187K [0x00000000d1400000, 0x0000000100000000)
  region size 1024K, 1 young (1024K), 1 survivors (1024K)
 Metaspace       used 86674K, capacity 89115K, committed 89728K, reserved 1128448K
  class space    used 10340K, capacity 11354K, committed 11648K, reserved 1048576K
}
Event: 41340.018 GC heap before
{Heap before GC invocations=341 (full 0):
 garbage-first heap   total 89088K, used 70979K [0x00000000d1400000, 0x0000000100000000)
  region size 1024K, 34 young (34816K), 1 survivors (1024K)
 Metaspace       used 86678K, capacity 89115K, committed 89728K, reserved 1128448K
  class space    used 10340K, capacity 11354K, committed 11648K, reserved 1048576K
}
Event: 41340.020 GC heap after
{Heap after GC invocations=342 (full 0):
 garbage-first heap   total 89088K, used 37171K [0x00000000d1400000, 0x0000000100000000)
  region size 1024K, 1 young (1024K), 1 survivors (1024K)
 Metaspace       used 86678K, capacity 89115K, committed 89728K, reserved 1128448K
  class space    used 10340K, capacity 11354K, committed 11648K, reserved 1048576K
}
Event: 41340.063 GC heap before
{Heap before GC invocations=342 (full 0):
 garbage-first heap   total 89088K, used 71987K [0x00000000d1400000, 0x0000000100000000)
  region size 1024K, 35 young (35840K), 1 survivors (1024K)
 Metaspace       used 86678K, capacity 89115K, committed 89728K, reserved 1128448K
  class space    used 10340K, capacity 11354K, committed 11648K, reserved 1048576K
}
Event: 41340.064 GC heap after
{Heap after GC invocations=343 (full 0):
 garbage-first heap   total 89088K, used 37173K [0x00000000d1400000, 0x0000000100000000)
  region size 1024K, 1 young (1024K), 1 survivors (1024K)
 Metaspace       used 86678K, capacity 89115K, committed 89728K, reserved 1128448K
  class space    used 10340K, capacity 11354K, committed 11648K, reserved 1048576K
}
Event: 41340.116 GC heap before
{Heap before GC invocations=344 (full 0):
 garbage-first heap   total 89088K, used 73013K [0x00000000d1400000, 0x0000000100000000)
  region size 1024K, 36 young (36864K), 1 survivors (1024K)
 Metaspace       used 86678K, capacity 89115K, committed 89728K, reserved 1128448K
  class space    used 10340K, capacity 11354K, committed 11648K, reserved 1048576K
}
Event: 41340.118 GC heap after
{Heap after GC invocations=345 (full 0):
 garbage-first heap   total 89088K, used 37170K [0x00000000d1400000, 0x0000000100000000)
  region size 1024K, 1 young (1024K), 1 survivors (1024K)
 Metaspace       used 86678K, capacity 89115K, committed 89728K, reserved 1128448K
  class space    used 10340K, capacity 11354K, committed 11648K, reserved 1048576K
}
Event: 41340.121 GC heap before
{Heap before GC invocations=345 (full 0):
 garbage-first heap   total 89088K, used 40242K [0x00000000d1400000, 0x0000000100000000)
  region size 1024K, 4 young (4096K), 1 survivors (1024K)
 Metaspace       used 86678K, capacity 89115K, committed 89728K, reserved 1128448K
  class space    used 10340K, capacity 11354K, committed 11648K, reserved 1048576K
}
Event: 41340.124 GC heap after
{Heap after GC invocations=346 (full 0):
 garbage-first heap   total 89088K, used 36506K [0x00000000d1400000, 0x0000000100000000)
  region size 1024K, 1 young (1024K), 1 survivors (1024K)
 Metaspace       used 86678K, capacity 89115K, committed 89728K, reserved 1128448K
  class space    used 10340K, capacity 11354K, committed 11648K, reserved 1048576K
}
Event: 41340.160 GC heap before
{Heap before GC invocations=346 (full 0):
 garbage-first heap   total 89088K, used 73370K [0x00000000d1400000, 0x0000000100000000)
  region size 1024K, 37 young (37888K), 1 survivors (1024K)
 Metaspace       used 86678K, capacity 89115K, committed 89728K, reserved 1128448K
  class space    used 10340K, capacity 11354K, committed 11648K, reserved 1048576K
}
Event: 41340.162 GC heap after
{Heap after GC invocations=347 (full 0):
 garbage-first heap   total 89088K, used 36509K [0x00000000d1400000, 0x0000000100000000)
  region size 1024K, 1 young (1024K), 1 survivors (1024K)
 Metaspace       used 86678K, capacity 89115K, committed 89728K, reserved 1128448K
  class space    used 10340K, capacity 11354K, committed 11648K, reserved 1048576K
}
Event: 41340.223 GC heap before
{Heap before GC invocations=347 (full 0):
 garbage-first heap   total 89088K, used 74397K [0x00000000d1400000, 0x0000000100000000)
  region size 1024K, 38 young (38912K), 1 survivors (1024K)
 Metaspace       used 86678K, capacity 89115K, committed 89728K, reserved 1128448K
  class space    used 10340K, capacity 11354K, committed 11648K, reserved 1048576K
}
Event: 41340.225 GC heap after
{Heap after GC invocations=348 (full 0):
 garbage-first heap   total 89088K, used 36505K [0x00000000d1400000, 0x0000000100000000)
  region size 1024K, 1 young (1024K), 1 survivors (1024K)
 Metaspace       used 86678K, capacity 89115K, committed 89728K, reserved 1128448K
  class space    used 10340K, capacity 11354K, committed 11648K, reserved 1048576K
}
Event: 41340.274 GC heap before
{Heap before GC invocations=349 (full 0):
 garbage-first heap   total 89088K, used 74393K [0x00000000d1400000, 0x0000000100000000)
  region size 1024K, 38 young (38912K), 1 survivors (1024K)
 Metaspace       used 86678K, capacity 89115K, committed 89728K, reserved 1128448K
  class space    used 10340K, capacity 11354K, committed 11648K, reserved 1048576K
}
Event: 41340.275 GC heap after
{Heap after GC invocations=350 (full 0):
 garbage-first heap   total 89088K, used 36509K [0x00000000d1400000, 0x0000000100000000)
  region size 1024K, 1 young (1024K), 1 survivors (1024K)
 Metaspace       used 86678K, capacity 89115K, committed 89728K, reserved 1128448K
  class space    used 10340K, capacity 11354K, committed 11648K, reserved 1048576K
}
Event: 41340.313 GC heap before
{Heap before GC invocations=350 (full 0):
 garbage-first heap   total 89088K, used 75421K [0x00000000d1400000, 0x0000000100000000)
  region size 1024K, 39 young (39936K), 1 survivors (1024K)
 Metaspace       used 86678K, capacity 89115K, committed 89728K, reserved 1128448K
  class space    used 10340K, capacity 11354K, committed 11648K, reserved 1048576K
}

Deoptimization events (20 events):
Event: 41339.554 Thread 0x00007f0898004800 Uncommon trap: trap_request=0xffffff4d fr.pc=0x00007f0914d4e254 relative=0x0000000000005ed4
Event: 41339.554 Thread 0x00007f0898004800 Uncommon trap: reason=unstable_if action=reinterpret pc=0x00007f0914d4e254 method=org.apache.qpid.proton.engine.impl.TransportImpl.processReceiverFlow()V @ 76 c2
Event: 41339.554 Thread 0x00007f0898004800 DEOPT PACKING pc=0x00007f0914d4e254 sp=0x00007f088cbe33d0
Event: 41339.554 Thread 0x00007f0898004800 DEOPT UNPACKING pc=0x00007f090c89d925 sp=0x00007f088cbe3330 mode 2
Event: 41339.688 Thread 0x00007f0900002000 Uncommon trap: trap_request=0xffffff4d fr.pc=0x00007f091534be98 relative=0x0000000000002078
Event: 41339.688 Thread 0x00007f0900002000 Uncommon trap: reason=unstable_if action=reinterpret pc=0x00007f091534be98 method=sun.nio.ch.SinkChannelImpl.endWrite(ZZ)V @ 21 c2
Event: 41339.688 Thread 0x00007f0900002000 DEOPT PACKING pc=0x00007f091534be98 sp=0x00007f088d6ec500
Event: 41339.688 Thread 0x00007f0900002000 DEOPT UNPACKING pc=0x00007f090c89d925 sp=0x00007f088d6ec400 mode 2
Event: 41339.689 Thread 0x00007f0900002000 Uncommon trap: trap_request=0xffffff4d fr.pc=0x00007f0915314f14 relative=0x00000000000002d4
Event: 41339.689 Thread 0x00007f0900002000 Uncommon trap: reason=unstable_if action=reinterpret pc=0x00007f0915314f14 method=java.nio.channels.spi.AbstractInterruptibleChannel.end(Z)V @ 10 c2
Event: 41339.689 Thread 0x00007f0900002000 DEOPT PACKING pc=0x00007f0915314f14 sp=0x00007f088d6ec3b0
Event: 41339.689 Thread 0x00007f0900002000 DEOPT UNPACKING pc=0x00007f090c89d925 sp=0x00007f088d6ec388 mode 2
Event: 41339.692 Thread 0x00007f0898004800 Uncommon trap: trap_request=0xffffff4d fr.pc=0x00007f09144ea36c relative=0x000000000000224c
Event: 41339.692 Thread 0x00007f0898004800 Uncommon trap: reason=unstable_if action=reinterpret pc=0x00007f09144ea36c method=sun.nio.ch.SourceChannelImpl.translateReadyOps(IILsun/nio/ch/SelectionKeyImpl;)Z @ 42 c2
Event: 41339.692 Thread 0x00007f0898004800 DEOPT PACKING pc=0x00007f09144ea36c sp=0x00007f088cbe33b0
Event: 41339.692 Thread 0x00007f0898004800 DEOPT UNPACKING pc=0x00007f090c89d925 sp=0x00007f088cbe3228 mode 2
Event: 41339.696 Thread 0x00007f0900002000 Uncommon trap: trap_request=0xffffff4d fr.pc=0x00007f091543d188 relative=0x0000000000002f28
Event: 41339.697 Thread 0x00007f0900002000 Uncommon trap: reason=unstable_if action=reinterpret pc=0x00007f091543d188 method=java.util.concurrent.locks.AbstractQueuedSynchronizer.acquire(I)V @ 20 c2
Event: 41339.697 Thread 0x00007f0900002000 DEOPT PACKING pc=0x00007f091543d188 sp=0x00007f088d6ec130
Event: 41339.697 Thread 0x00007f0900002000 DEOPT UNPACKING pc=0x00007f090c89d925 sp=0x00007f088d6ebf60 mode 2

Classes redefined (0 events):
No events

Internal exceptions (20 events):
Event: 41025.076 Thread 0x00007f08dc0ec800 Exception <a 'java/net/SocketTimeoutException'{0x00000000d5a2cfc8}: Read timed out> (0x00000000d5a2cfc8) thrown at [src/hotspot/share/prims/jni.cpp, line 636]
Event: 41025.202 Thread 0x00007f08d0001800 Exception <a 'java/net/SocketTimeoutException'{0x00000000d5dd1450}: Read timed out> (0x00000000d5dd1450) thrown at [src/hotspot/share/prims/jni.cpp, line 636]
Event: 41055.086 Thread 0x00007f08dc0ec800 Exception <a 'java/net/SocketTimeoutException'{0x00000000d5752250}: Read timed out> (0x00000000d5752250) thrown at [src/hotspot/share/prims/jni.cpp, line 636]
Event: 41055.249 Thread 0x00007f08d0001800 Exception <a 'java/net/SocketTimeoutException'{0x00000000d575a2a8}: Read timed out> (0x00000000d575a2a8) thrown at [src/hotspot/share/prims/jni.cpp, line 636]
Event: 41085.093 Thread 0x00007f08dc0ec800 Exception <a 'java/net/SocketTimeoutException'{0x00000000d544dd10}: Read timed out> (0x00000000d544dd10) thrown at [src/hotspot/share/prims/jni.cpp, line 636]
Event: 41085.259 Thread 0x00007f08d0001800 Exception <a 'java/net/SocketTimeoutException'{0x00000000d5765c58}: Read timed out> (0x00000000d5765c58) thrown at [src/hotspot/share/prims/jni.cpp, line 636]
Event: 41115.099 Thread 0x00007f08dc0ec800 Exception <a 'java/net/SocketTimeoutException'{0x00000000d51245d0}: Read timed out> (0x00000000d51245d0) thrown at [src/hotspot/share/prims/jni.cpp, line 636]
Event: 41115.264 Thread 0x00007f08d0001800 Exception <a 'java/net/SocketTimeoutException'{0x00000000d545b7d0}: Read timed out> (0x00000000d545b7d0) thrown at [src/hotspot/share/prims/jni.cpp, line 636]
Event: 41176.134 Thread 0x00007f08dc0ec800 Exception <a 'java/net/SocketTimeoutException'{0x00000000d5e9a690}: Read timed out> (0x00000000d5e9a690) thrown at [src/hotspot/share/prims/jni.cpp, line 636]
Event: 41176.207 Thread 0x00007f08d0001800 Exception <a 'java/net/SocketTimeoutException'{0x00000000d5c7f460}: Read timed out> (0x00000000d5c7f460) thrown at [src/hotspot/share/prims/jni.cpp, line 636]
Event: 41206.142 Thread 0x00007f08dc0ec800 Exception <a 'java/net/SocketTimeoutException'{0x00000000d5c11550}: Read timed out> (0x00000000d5c11550) thrown at [src/hotspot/share/prims/jni.cpp, line 636]
Event: 41206.212 Thread 0x00007f08d0001800 Exception <a 'java/net/SocketTimeoutException'{0x00000000d5c34b00}: Read timed out> (0x00000000d5c34b00) thrown at [src/hotspot/share/prims/jni.cpp, line 636]
Event: 41236.151 Thread 0x00007f08dc0ec800 Exception <a 'java/net/SocketTimeoutException'{0x00000000d5c18958}: Read timed out> (0x00000000d5c18958) thrown at [src/hotspot/share/prims/jni.cpp, line 636]
Event: 41236.332 Thread 0x00007f08d0001800 Exception <a 'java/net/SocketTimeoutException'{0x00000000d5c42dc0}: Read timed out> (0x00000000d5c42dc0) thrown at [src/hotspot/share/prims/jni.cpp, line 636]
Event: 41266.157 Thread 0x00007f08dc0ec800 Exception <a 'java/net/SocketTimeoutException'{0x00000000d5c1fd60}: Read timed out> (0x00000000d5c1fd60) thrown at [src/hotspot/share/prims/jni.cpp, line 636]
Event: 41266.336 Thread 0x00007f08d0001800 Exception <a 'java/net/SocketTimeoutException'{0x00000000d575b180}: Read timed out> (0x00000000d575b180) thrown at [src/hotspot/share/prims/jni.cpp, line 636]
Event: 41296.165 Thread 0x00007f08dc0ec800 Exception <a 'java/net/SocketTimeoutException'{0x00000000d5c27168}: Read timed out> (0x00000000d5c27168) thrown at [src/hotspot/share/prims/jni.cpp, line 636]
Event: 41296.394 Thread 0x00007f08d0001800 Exception <a 'java/net/SocketTimeoutException'{0x00000000d576c040}: Read timed out> (0x00000000d576c040) thrown at [src/hotspot/share/prims/jni.cpp, line 636]
Event: 41326.170 Thread 0x00007f08dc0ec800 Exception <a 'java/net/SocketTimeoutException'{0x00000000d53fa370}: Read timed out> (0x00000000d53fa370) thrown at [src/hotspot/share/prims/jni.cpp, line 636]
Event: 41326.406 Thread 0x00007f08d0001800 Exception <a 'java/net/SocketTimeoutException'{0x00000000d6a0f3f0}: Read timed out> (0x00000000d6a0f3f0) thrown at [src/hotspot/share/prims/jni.cpp, line 636]

Events (20 events):
Event: 41340.064 Executing VM operation: G1CollectForAllocation done
Event: 41340.070 Executing VM operation: CGC_Operation
Event: 41340.082 Executing VM operation: CGC_Operation done
Event: 41340.112 Executing VM operation: CGC_Operation
Event: 41340.112 Executing VM operation: CGC_Operation done
Event: 41340.116 Executing VM operation: G1CollectForAllocation
Event: 41340.118 Executing VM operation: G1CollectForAllocation done
Event: 41340.121 Executing VM operation: G1CollectForAllocation
Event: 41340.124 Executing VM operation: G1CollectForAllocation done
Event: 41340.160 Executing VM operation: G1CollectForAllocation
Event: 41340.162 Executing VM operation: G1CollectForAllocation done
Event: 41340.206 Executing VM operation: CGC_Operation
Event: 41340.222 Executing VM operation: CGC_Operation done
Event: 41340.223 Executing VM operation: G1CollectForAllocation
Event: 41340.225 Executing VM operation: G1CollectForAllocation done
Event: 41340.262 Executing VM operation: CGC_Operation
Event: 41340.262 Executing VM operation: CGC_Operation done
Event: 41340.274 Executing VM operation: G1CollectForAllocation
Event: 41340.275 Executing VM operation: G1CollectForAllocation done
Event: 41340.312 Executing VM operation: G1CollectForAllocation


Dynamic libraries:
d1400000-d6b00000 rw-p 00000000 00:00 0 
d8d00000-100000000 ---p 00000000 00:00 0 
800000000-800002000 rwxp 00001000 08:10 56782                            /usr/lib/jvm/java-11-openjdk-amd64/lib/server/classes.jsa
800002000-8003b9000 rw-p 00003000 08:10 56782                            /usr/lib/jvm/java-11-openjdk-amd64/lib/server/classes.jsa
8003b9000-800a82000 r--p 003ba000 08:10 56782                            /usr/lib/jvm/java-11-openjdk-amd64/lib/server/classes.jsa
800a82000-800a83000 rw-p 00a83000 08:10 56782                            /usr/lib/jvm/java-11-openjdk-amd64/lib/server/classes.jsa
800a83000-801091000 r--p 00a84000 08:10 56782                            /usr/lib/jvm/java-11-openjdk-amd64/lib/server/classes.jsa
840000000-840b60000 rw-p 00000000 00:00 0 
840b60000-880000000 ---p 00000000 00:00 0 
55ed2e422000-55ed2e423000 r--p 00000000 08:10 54024                      /usr/lib/jvm/java-11-openjdk-amd64/bin/java
55ed2e423000-55ed2e424000 r-xp 00001000 08:10 54024                      /usr/lib/jvm/java-11-openjdk-amd64/bin/java
55ed2e424000-55ed2e425000 r--p 00002000 08:10 54024                      /usr/lib/jvm/java-11-openjdk-amd64/bin/java
55ed2e425000-55ed2e426000 r--p 00002000 08:10 54024                      /usr/lib/jvm/java-11-openjdk-amd64/bin/java
55ed2e426000-55ed2e427000 rw-p 00003000 08:10 54024                      /usr/lib/jvm/java-11-openjdk-amd64/bin/java
55ed2f14d000-55ed2f18f000 rw-p 00000000 00:00 0                          [heap]
7f08849fd000-7f0884a3d000 rw-p 00000000 00:00 0 
7f0884a3d000-7f0884bfd000 ---p 00000000 00:00 0 
7f0884bfd000-7f0884dfd000 rw-p 00000000 00:00 0 
7f0884dfd000-7f0884ffd000 rw-p 00000000 00:00 0 
7f0884ffd000-7f0888000000 rw-p 00000000 00:00 0 
7f0888000000-7f08881ce000 rw-p 00000000 00:00 0 
7f08881ce000-7f088c000000 ---p 00000000 00:00 0 
7f088c0de000-7f088c0e2000 ---p 00000000 00:00 0 
7f088c0e2000-7f088c1df000 rw-p 00000000 00:00 0 
7f088c1df000-7f088c1e3000 ---p 00000000 00:00 0 
7f088c1e3000-7f088c2e0000 rw-p 00000000 00:00 0 
7f088c2e0000-7f088c2e4000 ---p 00000000 00:00 0 
7f088c2e4000-7f088c5e1000 rw-p 00000000 00:00 0 
7f088c5e1000-7f088c7e1000 rw-p 00000000 00:00 0 
7f088c7e1000-7f088c7e5000 ---p 00000000 00:00 0 
7f088c7e5000-7f088c8e2000 rw-p 00000000 00:00 0 
7f088c8e2000-7f088c8e6000 ---p 00000000 00:00 0 
7f088c8e6000-7f088c9e3000 rw-p 00000000 00:00 0 
7f088c9e3000-7f088c9e7000 ---p 00000000 00:00 0 
7f088c9e7000-7f088cae4000 rw-p 00000000 00:00 0 
7f088cae4000-7f088cae8000 ---p 00000000 00:00 0 
7f088cae8000-7f088cbe5000 rw-p 00000000 00:00 0 
7f088cbe5000-7f088cbe9000 ---p 00000000 00:00 0 
7f088cbe9000-7f088cce6000 rw-p 00000000 00:00 0 
7f088cce6000-7f088ccea000 ---p 00000000 00:00 0 
7f088ccea000-7f088cfe7000 rw-p 00000000 00:00 0 
7f088cfe7000-7f088cfeb000 ---p 00000000 00:00 0 
7f088cfeb000-7f088d0e8000 rw-p 00000000 00:00 0 
7f088d0e8000-7f088d0ec000 ---p 00000000 00:00 0 
7f088d0ec000-7f088d1e9000 rw-p 00000000 00:00 0 
7f088d1e9000-7f088d1ed000 ---p 00000000 00:00 0 
7f088d1ed000-7f088d2ea000 rw-p 00000000 00:00 0 
7f088d2ea000-7f088d2ee000 ---p 00000000 00:00 0 
7f088d2ee000-7f088d3eb000 rw-p 00000000 00:00 0 
7f088d3eb000-7f088d3ef000 ---p 00000000 00:00 0 
7f088d3ef000-7f088d4ec000 rw-p 00000000 00:00 0 
7f088d4ec000-7f088d4f0000 ---p 00000000 00:00 0 
7f088d4f0000-7f088d5ed000 rw-p 00000000 00:00 0 
7f088d5ed000-7f088d5f1000 ---p 00000000 00:00 0 
7f088d5f1000-7f088d8ee000 rw-p 00000000 00:00 0 
7f088d8ee000-7f088daee000 rw-p 00000000 00:00 0 
7f088daee000-7f088daf2000 ---p 00000000 00:00 0 
7f088daf2000-7f088dbef000 rw-p 00000000 00:00 0 
7f088dbef000-7f088dbf3000 ---p 00000000 00:00 0 
7f088dbf3000-7f088dcf0000 rw-p 00000000 00:00 0 
7f088dcf0000-7f088dcf4000 ---p 00000000 00:00 0 
7f088dcf4000-7f088dff1000 rw-p 00000000 00:00 0 
7f088dff1000-7f088dff5000 ---p 00000000 00:00 0 
7f088dff5000-7f088e2f2000 rw-p 00000000 00:00 0 
7f088e2f2000-7f088e2f6000 ---p 00000000 00:00 0 
7f088e2f6000-7f088e3f3000 rw-p 00000000 00:00 0 
7f088e3f3000-7f088e3f7000 ---p 00000000 00:00 0 
7f088e3f7000-7f088e4f4000 rw-p 00000000 00:00 0 
7f088e4f4000-7f088e4f8000 ---p 00000000 00:00 0 
7f088e4f8000-7f088e5f5000 rw-p 00000000 00:00 0 
7f088e5f5000-7f088e5f9000 ---p 00000000 00:00 0 
7f088e5f9000-7f088e6f6000 rw-p 00000000 00:00 0 
7f088e6f6000-7f088e6fa000 ---p 00000000 00:00 0 
7f088e6fa000-7f088e7f7000 rw-p 00000000 00:00 0 
7f088e7f7000-7f088e7fb000 ---p 00000000 00:00 0 
7f088e7fb000-7f088e8f8000 rw-p 00000000 00:00 0 
7f088e8f8000-7f088e8fc000 ---p 00000000 00:00 0 
7f088e8fc000-7f088e9f9000 rw-p 00000000 00:00 0 
7f088e9f9000-7f088e9fd000 ---p 00000000 00:00 0 
7f088e9fd000-7f088eafa000 rw-p 00000000 00:00 0 
7f088eafa000-7f088eafe000 ---p 00000000 00:00 0 
7f088eafe000-7f088ebfb000 rw-p 00000000 00:00 0 
7f088ebfb000-7f088ebff000 ---p 00000000 00:00 0 
7f088ebff000-7f088ecfc000 rw-p 00000000 00:00 0 
7f088ecfc000-7f088ed00000 ---p 00000000 00:00 0 
7f088ed00000-7f088edfd000 rw-p 00000000 00:00 0 
7f088edfd000-7f088ee01000 ---p 00000000 00:00 0 
7f088ee01000-7f088eefe000 rw-p 00000000 00:00 0 
7f088eefe000-7f088ef02000 ---p 00000000 00:00 0 
7f088ef02000-7f0890000000 rw-p 00000000 00:00 0 
7f0890000000-7f0890120000 rw-p 00000000 00:00 0 
7f0890120000-7f0894000000 ---p 00000000 00:00 0 
7f0894000000-7f0894138000 rw-p 00000000 00:00 0 
7f0894138000-7f0898000000 ---p 00000000 00:00 0 
7f0898000000-7f0898021000 rw-p 00000000 00:00 0 
7f0898021000-7f089c000000 ---p 00000000 00:00 0 
7f089c000000-7f089c1df000 rw-p 00000000 00:00 0 
7f089c1df000-7f08a0000000 ---p 00000000 00:00 0 
7f08a0000000-7f08a0021000 rw-p 00000000 00:00 0 
7f08a0021000-7f08a4000000 ---p 00000000 00:00 0 
7f08a4000000-7f08a4352000 rw-p 00000000 00:00 0 
7f08a4352000-7f08a8000000 ---p 00000000 00:00 0 
7f08a8000000-7f08a8021000 rw-p 00000000 00:00 0 
7f08a8021000-7f08ac000000 ---p 00000000 00:00 0 
7f08ac0ab000-7f08ac0af000 ---p 00000000 00:00 0 
7f08ac0af000-7f08ac1ac000 rw-p 00000000 00:00 0 
7f08ac1ac000-7f08ac1b0000 ---p 00000000 00:00 0 
7f08ac1b0000-7f08ac2ad000 rw-p 00000000 00:00 0 
7f08ac2ad000-7f08ac2b1000 ---p 00000000 00:00 0 
7f08ac2b1000-7f08ac5ae000 rw-p 00000000 00:00 0 
7f08ac5ae000-7f08ac5b2000 ---p 00000000 00:00 0 
7f08ac5b2000-7f08ac8af000 rw-p 00000000 00:00 0 
7f08ac8af000-7f08ac8b3000 ---p 00000000 00:00 0 
7f08ac8b3000-7f08ac9b0000 rw-p 00000000 00:00 0 
7f08ac9b0000-7f08ac9b4000 ---p 00000000 00:00 0 
7f08ac9b4000-7f08acab1000 rw-p 00000000 00:00 0 
7f08acab1000-7f08acab5000 ---p 00000000 00:00 0 
7f08acab5000-7f08acbb2000 rw-p 00000000 00:00 0 
7f08acbb2000-7f08acbb6000 ---p 00000000 00:00 0 
7f08acbb6000-7f08accb3000 rw-p 00000000 00:00 0 
7f08accb3000-7f08accc2000 r-xp 00000000 08:10 70962                      /tmp/libnetty_transport_native_epoll_x86_649572249967517648147.so (deleted)
7f08accc2000-7f08acec2000 ---p 0000f000 08:10 70962                      /tmp/libnetty_transport_native_epoll_x86_649572249967517648147.so (deleted)
7f08acec2000-7f08acec4000 rw-p 0000f000 08:10 70962                      /tmp/libnetty_transport_native_epoll_x86_649572249967517648147.so (deleted)
7f08acec4000-7f08ad0c4000 rw-p 00000000 00:00 0 
7f08ad0c4000-7f08ae2c5000 rw-p 00000000 00:00 0 
7f08ae2c5000-7f08ae4e8000 r-xp 00000000 08:10 70961                      /tmp/libnetty_tcnative_linux_x86_647842773138623263193.so (deleted)
7f08ae4e8000-7f08ae6e8000 ---p 00223000 08:10 70961                      /tmp/libnetty_tcnative_linux_x86_647842773138623263193.so (deleted)
7f08ae6e8000-7f08ae6fa000 r--p 00223000 08:10 70961                      /tmp/libnetty_tcnative_linux_x86_647842773138623263193.so (deleted)
7f08ae6fa000-7f08ae6fb000 rw-p 00235000 08:10 70961                      /tmp/libnetty_tcnative_linux_x86_647842773138623263193.so (deleted)
7f08ae6fb000-7f08ae6fd000 rw-p 00000000 00:00 0 
7f08ae6fd000-7f08ae701000 ---p 00000000 00:00 0 
7f08ae701000-7f08ae9fe000 rw-p 00000000 00:00 0 
7f08ae9fe000-7f08aea02000 ---p 00000000 00:00 0 
7f08aea02000-7f08aecff000 rw-p 00000000 00:00 0 
7f08aecff000-7f08aeeff000 rw-p 00000000 00:00 0 
7f08aeeff000-7f08af0ff000 rw-p 00000000 00:00 0 
7f08af0ff000-7f08af103000 ---p 00000000 00:00 0 
7f08af103000-7f08af400000 rw-p 00000000 00:00 0 
7f08af400000-7f08af600000 rw-p 00000000 00:00 0 
7f08af600000-7f08af800000 rw-p 00000000 00:00 0 
7f08af800000-7f08afa00000 rw-p 00000000 00:00 0 
7f08afa00000-7f08afc00000 rw-p 00000000 00:00 0 
7f08afc00000-7f08afe00000 rw-p 00000000 00:00 0 
7f08afe00000-7f08b0000000 rw-p 00000000 00:00 0 
7f08b0000000-7f08b0062000 rw-p 00000000 00:00 0 
7f08b0062000-7f08b4000000 ---p 00000000 00:00 0 
7f08b4000000-7f08b404e000 rw-p 00000000 00:00 0 
7f08b404e000-7f08b8000000 ---p 00000000 00:00 0 
7f08b8000000-7f08b9147000 rw-p 00000000 00:00 0 
7f08b9147000-7f08bc000000 ---p 00000000 00:00 0 
7f08bc000000-7f08bcb30000 rw-p 00000000 00:00 0 
7f08bcb30000-7f08c0000000 ---p 00000000 00:00 0 
7f08c0000000-7f08c14cb000 rw-p 00000000 00:00 0 
7f08c14cb000-7f08c4000000 ---p 00000000 00:00 0 
7f08c4000000-7f08c4031000 rw-p 00000000 00:00 0 
7f08c4031000-7f08c8000000 ---p 00000000 00:00 0 
7f08c8000000-7f08c8021000 rw-p 00000000 00:00 0 
7f08c8021000-7f08cc000000 ---p 00000000 00:00 0 
7f08cc000000-7f08cc1cd000 rw-p 00000000 00:00 0 
7f08cc1cd000-7f08d0000000 ---p 00000000 00:00 0 
7f08d0000000-7f08d0021000 rw-p 00000000 00:00 0 
7f08d0021000-7f08d4000000 ---p 00000000 00:00 0 
7f08d4000000-7f08d421f000 rw-p 00000000 00:00 0 
7f08d421f000-7f08d8000000 ---p 00000000 00:00 0 
7f08d8000000-7f08dac8c000 rw-p 00000000 00:00 0 
7f08dac8c000-7f08dc000000 ---p 00000000 00:00 0 
7f08dc000000-7f08dce93000 rw-p 00000000 00:00 0 
7f08dce93000-7f08e0000000 ---p 00000000 00:00 0 
7f08e0000000-7f08e0021000 rw-p 00000000 00:00 0 
7f08e0021000-7f08e4000000 ---p 00000000 00:00 0 
7f08e4000000-7f08e4083000 rw-p 00000000 00:00 0 
7f08e4083000-7f08e8000000 ---p 00000000 00:00 0 
7f08e8000000-7f08e8021000 rw-p 00000000 00:00 0 
7f08e8021000-7f08ec000000 ---p 00000000 00:00 0 
7f08ec000000-7f08ec080000 rw-p 00000000 00:00 0 
7f08ec080000-7f08f0000000 ---p 00000000 00:00 0 
7f08f0000000-7f08f0021000 rw-p 00000000 00:00 0 
7f08f0021000-7f08f4000000 ---p 00000000 00:00 0 
7f08f4000000-7f08f4314000 rw-p 00000000 00:00 0 
7f08f4314000-7f08f8000000 ---p 00000000 00:00 0 
7f08f8000000-7f08f8021000 rw-p 00000000 00:00 0 
7f08f8021000-7f08fc000000 ---p 00000000 00:00 0 
7f08fc0b5000-7f08fc0b7000 r--p 00000000 08:10 11147                      /usr/lib/x86_64-linux-gnu/libcrypt.so.1.1.0
7f08fc0b7000-7f08fc0cc000 r-xp 00002000 08:10 11147                      /usr/lib/x86_64-linux-gnu/libcrypt.so.1.1.0
7f08fc0cc000-7f08fc0e6000 r--p 00017000 08:10 11147                      /usr/lib/x86_64-linux-gnu/libcrypt.so.1.1.0
7f08fc0e6000-7f08fc0e7000 r--p 00030000 08:10 11147                      /usr/lib/x86_64-linux-gnu/libcrypt.so.1.1.0
7f08fc0e7000-7f08fc0e8000 rw-p 00031000 08:10 11147                      /usr/lib/x86_64-linux-gnu/libcrypt.so.1.1.0
7f08fc0e8000-7f08fc0f0000 rw-p 00000000 00:00 0 
7f08fc0f0000-7f08fc0f4000 ---p 00000000 00:00 0 
7f08fc0f4000-7f08fc3f1000 rw-p 00000000 00:00 0 
7f08fc3f1000-7f08fc5f1000 rw-p 00000000 00:00 0 
7f08fc5f1000-7f08fc7f1000 rw-p 00000000 00:00 0 
7f08fc7f1000-7f08fc9f1000 rw-p 00000000 00:00 0 
7f08fc9f1000-7f08fcbf1000 rw-p 00000000 00:00 0 
7f08fcbf1000-7f08fcdf1000 rw-p 00000000 00:00 0 
7f08fcdf1000-7f08fcff1000 rw-p 00000000 00:00 0 
7f08fcff1000-7f08fcff2000 ---p 00000000 00:00 0 
7f08fcff2000-7f08fd0f3000 rw-p 00000000 00:00 0 
7f08fd0f3000-7f08fd0f4000 ---p 00000000 00:00 0 
7f08fd0f4000-7f08fd1f5000 rw-p 00000000 00:00 0 
7f08fd1f5000-7f08fd1f9000 ---p 00000000 00:00 0 
7f08fd1f9000-7f08fd4f6000 rw-p 00000000 00:00 0 
7f08fd4f6000-7f08fd6f6000 rw-p 00000000 00:00 0 
7f08fd6f6000-7f08fd6fa000 ---p 00000000 00:00 0 
7f08fd6fa000-7f08fd9f7000 rw-p 00000000 00:00 0 
7f08fd9f7000-7f08fd9f8000 ---p 00000000 00:00 0 
7f08fd9f8000-7f08fdaf9000 rw-p 00000000 00:00 0 
7f08fdaf9000-7f08fdafa000 ---p 00000000 00:00 0 
7f08fdafa000-7f08fdbfb000 rw-p 00000000 00:00 0 
7f08fdbfb000-7f08fdbff000 ---p 00000000 00:00 0 
7f08fdbff000-7f08fdcfc000 rw-p 00000000 00:00 0 
7f08fdcfc000-7f08fdd00000 ---p 00000000 00:00 0 
7f08fdd00000-7f08fddfd000 rw-p 00000000 00:00 0 
7f08fddfd000-7f08fddfe000 ---p 00000000 00:00 0 
7f08fddfe000-7f08fdeff000 rw-p 00000000 00:00 0 
7f08fdeff000-7f08fdf03000 ---p 00000000 00:00 0 
7f08fdf03000-7f0900000000 rw-p 00000000 00:00 0 
7f0900000000-7f0900021000 rw-p 00000000 00:00 0 
7f0900021000-7f0904000000 ---p 00000000 00:00 0 
7f0904000000-7f090409d000 rw-p 00000000 00:00 0 
7f090409d000-7f0908000000 ---p 00000000 00:00 0 
7f0908000000-7f090805c000 rw-p 00000000 00:00 0 
7f090805c000-7f090c000000 ---p 00000000 00:00 0 
7f090c01b000-7f090c01f000 ---p 00000000 00:00 0 
7f090c01f000-7f090c11c000 rw-p 00000000 00:00 0 
7f090c11c000-7f090c120000 ---p 00000000 00:00 0 
7f090c120000-7f090c21d000 rw-p 00000000 00:00 0 
7f090c21d000-7f090c221000 ---p 00000000 00:00 0 
7f090c221000-7f090c31e000 rw-p 00000000 00:00 0 
7f090c31e000-7f090c322000 ---p 00000000 00:00 0 
7f090c322000-7f090c41f000 rw-p 00000000 00:00 0 
7f090c41f000-7f090c592000 r--p 00000000 08:10 20373                      /usr/lib/locale/C.UTF-8/LC_COLLATE
7f090c592000-7f090c878000 r--p 00000000 08:10 20702                      /usr/lib/locale/locale-archive
7f090c878000-7f090cae8000 rwxp 00000000 00:00 0 
7f090cae8000-7f090ce08000 ---p 00000000 00:00 0 
7f090ce08000-7f090f8c8000 rwxp 00000000 00:00 0 
7f090f8c8000-7f0914340000 ---p 00000000 00:00 0 
7f0914340000-7f0915460000 rwxp 00000000 00:00 0 
7f0915460000-7f091b878000 ---p 00000000 00:00 0 
7f091b878000-7f0924000000 r--s 00000000 08:10 56459                      /usr/lib/jvm/java-11-openjdk-amd64/lib/modules
7f0924000000-7f092559b000 rw-p 00000000 00:00 0 
7f092559b000-7f0928000000 ---p 00000000 00:00 0 
7f092804b000-7f092804c000 rw-p 00000000 00:00 0 
7f092804c000-7f0928054000 r--p 00000000 08:10 56453                      /usr/lib/jvm/java-11-openjdk-amd64/lib/libsunec.so
7f0928054000-7f092806d000 r-xp 00008000 08:10 56453                      /usr/lib/jvm/java-11-openjdk-amd64/lib/libsunec.so
7f092806d000-7f0928077000 r--p 00021000 08:10 56453                      /usr/lib/jvm/java-11-openjdk-amd64/lib/libsunec.so
7f0928077000-7f0928078000 ---p 0002b000 08:10 56453                      /usr/lib/jvm/java-11-openjdk-amd64/lib/libsunec.so
7f0928078000-7f092807c000 r--p 0002b000 08:10 56453                      /usr/lib/jvm/java-11-openjdk-amd64/lib/libsunec.so
7f092807c000-7f092807e000 rw-p 0002f000 08:10 56453                      /usr/lib/jvm/java-11-openjdk-amd64/lib/libsunec.so
7f092807e000-7f0928080000 r--p 00000000 08:10 171372                     /usr/lib/x86_64-linux-gnu/libnss_dns-2.31.so
7f0928080000-7f0928084000 r-xp 00002000 08:10 171372                     /usr/lib/x86_64-linux-gnu/libnss_dns-2.31.so
7f0928084000-7f0928085000 r--p 00006000 08:10 171372                     /usr/lib/x86_64-linux-gnu/libnss_dns-2.31.so
7f0928085000-7f0928086000 r--p 00006000 08:10 171372                     /usr/lib/x86_64-linux-gnu/libnss_dns-2.31.so
7f0928086000-7f0928087000 rw-p 00007000 08:10 171372                     /usr/lib/x86_64-linux-gnu/libnss_dns-2.31.so
7f0928087000-7f092808b000 r--p 00000000 08:10 171397                     /usr/lib/x86_64-linux-gnu/libresolv-2.31.so
7f092808b000-7f092809b000 r-xp 00004000 08:10 171397                     /usr/lib/x86_64-linux-gnu/libresolv-2.31.so
7f092809b000-7f092809e000 r--p 00014000 08:10 171397                     /usr/lib/x86_64-linux-gnu/libresolv-2.31.so
7f092809e000-7f092809f000 ---p 00017000 08:10 171397                     /usr/lib/x86_64-linux-gnu/libresolv-2.31.so
7f092809f000-7f09280a0000 r--p 00017000 08:10 171397                     /usr/lib/x86_64-linux-gnu/libresolv-2.31.so
7f09280a0000-7f09280a1000 rw-p 00018000 08:10 171397                     /usr/lib/x86_64-linux-gnu/libresolv-2.31.so
7f09280a1000-7f09280a3000 rw-p 00000000 00:00 0 
7f09280a3000-7f09280a4000 r--p 00000000 08:10 150173                     /usr/lib/x86_64-linux-gnu/libnss_mdns4_minimal.so.2
7f09280a4000-7f09280a6000 r-xp 00001000 08:10 150173                     /usr/lib/x86_64-linux-gnu/libnss_mdns4_minimal.so.2
7f09280a6000-7f09280a7000 r--p 00003000 08:10 150173                     /usr/lib/x86_64-linux-gnu/libnss_mdns4_minimal.so.2
7f09280a7000-7f09280a8000 r--p 00003000 08:10 150173                     /usr/lib/x86_64-linux-gnu/libnss_mdns4_minimal.so.2
7f09280a8000-7f09280a9000 rw-p 00004000 08:10 150173                     /usr/lib/x86_64-linux-gnu/libnss_mdns4_minimal.so.2
7f09280a9000-7f09280aa000 r--p 00000000 08:10 56423                      /usr/lib/jvm/java-11-openjdk-amd64/lib/libextnet.so
7f09280aa000-7f09280ab000 r-xp 00001000 08:10 56423                      /usr/lib/jvm/java-11-openjdk-amd64/lib/libextnet.so
7f09280ab000-7f09280ac000 r--p 00002000 08:10 56423                      /usr/lib/jvm/java-11-openjdk-amd64/lib/libextnet.so
7f09280ac000-7f09280ad000 r--p 00002000 08:10 56423                      /usr/lib/jvm/java-11-openjdk-amd64/lib/libextnet.so
7f09280ad000-7f09280ae000 rw-p 00003000 08:10 56423                      /usr/lib/jvm/java-11-openjdk-amd64/lib/libextnet.so
7f09280ae000-7f09280b0000 r--p 00000000 08:10 56443                      /usr/lib/jvm/java-11-openjdk-amd64/lib/libmanagement_ext.so
7f09280b0000-7f09280b3000 r-xp 00002000 08:10 56443                      /usr/lib/jvm/java-11-openjdk-amd64/lib/libmanagement_ext.so
7f09280b3000-7f09280b4000 r--p 00005000 08:10 56443                      /usr/lib/jvm/java-11-openjdk-amd64/lib/libmanagement_ext.so
7f09280b4000-7f09280b5000 ---p 00006000 08:10 56443                      /usr/lib/jvm/java-11-openjdk-amd64/lib/libmanagement_ext.so
7f09280b5000-7f09280b6000 r--p 00006000 08:10 56443                      /usr/lib/jvm/java-11-openjdk-amd64/lib/libmanagement_ext.so
7f09280b6000-7f09280b7000 rw-p 00007000 08:10 56443                      /usr/lib/jvm/java-11-openjdk-amd64/lib/libmanagement_ext.so
7f09280b7000-7f09280ba000 r--p 00000000 08:10 56441                      /usr/lib/jvm/java-11-openjdk-amd64/lib/libmanagement.so
7f09280ba000-7f09280bb000 r-xp 00003000 08:10 56441                      /usr/lib/jvm/java-11-openjdk-amd64/lib/libmanagement.so
7f09280bb000-7f09280bc000 r--p 00004000 08:10 56441                      /usr/lib/jvm/java-11-openjdk-amd64/lib/libmanagement.so
7f09280bc000-7f09280bd000 r--p 00004000 08:10 56441                      /usr/lib/jvm/java-11-openjdk-amd64/lib/libmanagement.so
7f09280bd000-7f09280be000 rw-p 00005000 08:10 56441                      /usr/lib/jvm/java-11-openjdk-amd64/lib/libmanagement.so
7f09280be000-7f09280c2000 r--p 00000000 08:10 56445                      /usr/lib/jvm/java-11-openjdk-amd64/lib/libnet.so
7f09280c2000-7f09280d1000 r-xp 00004000 08:10 56445                      /usr/lib/jvm/java-11-openjdk-amd64/lib/libnet.so
7f09280d1000-7f09280d5000 r--p 00013000 08:10 56445                      /usr/lib/jvm/java-11-openjdk-amd64/lib/libnet.so
7f09280d5000-7f09280d6000 r--p 00016000 08:10 56445                      /usr/lib/jvm/java-11-openjdk-amd64/lib/libnet.so
7f09280d6000-7f09280d7000 rw-p 00017000 08:10 56445                      /usr/lib/jvm/java-11-openjdk-amd64/lib/libnet.so
7f09280d7000-7f09280de000 r--p 00000000 08:10 56447                      /usr/lib/jvm/java-11-openjdk-amd64/lib/libnio.so
7f09280de000-7f09280e6000 r-xp 00007000 08:10 56447                      /usr/lib/jvm/java-11-openjdk-amd64/lib/libnio.so
7f09280e6000-7f09280e9000 r--p 0000f000 08:10 56447                      /usr/lib/jvm/java-11-openjdk-amd64/lib/libnio.so
7f09280e9000-7f09280ea000 r--p 00011000 08:10 56447                      /usr/lib/jvm/java-11-openjdk-amd64/lib/libnio.so
7f09280ea000-7f09280eb000 rw-p 00012000 08:10 56447                      /usr/lib/jvm/java-11-openjdk-amd64/lib/libnio.so
7f09280eb000-7f092811d000 r--p 00000000 08:10 20374                      /usr/lib/locale/C.UTF-8/LC_CTYPE
7f092811d000-7f092811e000 r--p 00000000 08:10 20380                      /usr/lib/locale/C.UTF-8/LC_NUMERIC
7f092811e000-7f092811f000 r--p 00000000 08:10 20383                      /usr/lib/locale/C.UTF-8/LC_TIME
7f092811f000-7f0928120000 r--p 00000000 08:10 20378                      /usr/lib/locale/C.UTF-8/LC_MONETARY
7f0928120000-7f0928121000 r--p 00000000 08:10 20377                      /usr/lib/locale/C.UTF-8/LC_MESSAGES/SYS_LC_MESSAGES
7f0928121000-7f0928122000 r--p 00000000 08:10 20381                      /usr/lib/locale/C.UTF-8/LC_PAPER
7f0928122000-7f0928123000 r--p 00000000 08:10 20379                      /usr/lib/locale/C.UTF-8/LC_NAME
7f0928123000-7f0928124000 r--p 00000000 08:10 20372                      /usr/lib/locale/C.UTF-8/LC_ADDRESS
7f0928124000-7f092812b000 r--s 00000000 08:10 171683                     /usr/lib/x86_64-linux-gnu/gconv/gconv-modules.cache
7f092812b000-7f092812f000 ---p 00000000 00:00 0 
7f092812f000-7f092822c000 rw-p 00000000 00:00 0 
7f092822c000-7f0928230000 ---p 00000000 00:00 0 
7f0928230000-7f092832d000 rw-p 00000000 00:00 0 
7f092832d000-7f092832e000 ---p 00000000 00:00 0 
7f092832e000-7f0928d0b000 rw-p 00000000 00:00 0 
7f0928d0b000-7f0928d0c000 ---p 00000000 00:00 0 
7f0928d0c000-7f0928e0d000 rw-p 00000000 00:00 0 
7f0928e0d000-7f0928e0e000 ---p 00000000 00:00 0 
7f0928e0e000-7f0929313000 rw-p 00000000 00:00 0 
7f0929313000-7f0929314000 ---p 00000000 00:00 0 
7f0929314000-7f0929415000 rw-p 00000000 00:00 0 
7f0929415000-7f0929416000 ---p 00000000 00:00 0 
7f0929416000-7f092968c000 rw-p 00000000 00:00 0 
7f092968c000-7f092a0e0000 ---p 00000000 00:00 0 
7f092a0e0000-7f092a23c000 rw-p 00000000 00:00 0 
7f092a23c000-7f092ac90000 ---p 00000000 00:00 0 
7f092ac90000-7f092acbc000 rw-p 00000000 00:00 0 
7f092acbc000-7f092ae06000 ---p 00000000 00:00 0 
7f092ae06000-7f092ae32000 rw-p 00000000 00:00 0 
7f092ae32000-7f092af7c000 ---p 00000000 00:00 0 
7f092af7c000-7f092afa8000 rw-p 00000000 00:00 0 
7f092afa8000-7f092b0f2000 ---p 00000000 00:00 0 
7f092b0f2000-7f092b4f6000 rw-p 00000000 00:00 0 
7f092b4f6000-7f092b4f7000 ---p 00000000 00:00 0 
7f092b4f7000-7f092b61b000 rw-p 00000000 00:00 0 
7f092b61b000-7f092b6e3000 ---p 00000000 00:00 0 
7f092b6e3000-7f092b739000 rw-p 00000000 00:00 0 
7f092b739000-7f092b7ce000 ---p 00000000 00:00 0 
7f092b7ce000-7f092b7d3000 rw-p 00000000 00:00 0 
7f092b7d3000-7f092b7da000 ---p 00000000 00:00 0 
7f092b7da000-7f092b7dd000 r--p 00000000 08:10 171376                     /usr/lib/x86_64-linux-gnu/libnss_files-2.31.so
7f092b7dd000-7f092b7e4000 r-xp 00003000 08:10 171376                     /usr/lib/x86_64-linux-gnu/libnss_files-2.31.so
7f092b7e4000-7f092b7e6000 r--p 0000a000 08:10 171376                     /usr/lib/x86_64-linux-gnu/libnss_files-2.31.so
7f092b7e6000-7f092b7e7000 r--p 0000b000 08:10 171376                     /usr/lib/x86_64-linux-gnu/libnss_files-2.31.so
7f092b7e7000-7f092b7e8000 rw-p 0000c000 08:10 171376                     /usr/lib/x86_64-linux-gnu/libnss_files-2.31.so
7f092b7e8000-7f092b7ee000 rw-p 00000000 00:00 0 
7f092b7ee000-7f092b7ef000 r--p 00000000 08:10 20382                      /usr/lib/locale/C.UTF-8/LC_TELEPHONE
7f092b7ef000-7f092b7f1000 r--s 0000c000 08:10 56717                      /usr/share/java/java-atk-wrapper.jar
7f092b7f1000-7f092b7f3000 r--p 00000000 08:10 56458                      /usr/lib/jvm/java-11-openjdk-amd64/lib/libzip.so
7f092b7f3000-7f092b7f7000 r-xp 00002000 08:10 56458                      /usr/lib/jvm/java-11-openjdk-amd64/lib/libzip.so
7f092b7f7000-7f092b7f9000 r--p 00006000 08:10 56458                      /usr/lib/jvm/java-11-openjdk-amd64/lib/libzip.so
7f092b7f9000-7f092b7fa000 r--p 00007000 08:10 56458                      /usr/lib/jvm/java-11-openjdk-amd64/lib/libzip.so
7f092b7fa000-7f092b7fb000 rw-p 00008000 08:10 56458                      /usr/lib/jvm/java-11-openjdk-amd64/lib/libzip.so
7f092b7fb000-7f092b803000 rw-s 00000000 08:10 70785                      /tmp/hsperfdata_root/1022
7f092b803000-7f092b805000 r--p 00000000 08:10 56435                      /usr/lib/jvm/java-11-openjdk-amd64/lib/libjimage.so
7f092b805000-7f092b808000 r-xp 00002000 08:10 56435                      /usr/lib/jvm/java-11-openjdk-amd64/lib/libjimage.so
7f092b808000-7f092b809000 r--p 00005000 08:10 56435                      /usr/lib/jvm/java-11-openjdk-amd64/lib/libjimage.so
7f092b809000-7f092b80a000 ---p 00006000 08:10 56435                      /usr/lib/jvm/java-11-openjdk-amd64/lib/libjimage.so
7f092b80a000-7f092b80b000 r--p 00006000 08:10 56435                      /usr/lib/jvm/java-11-openjdk-amd64/lib/libjimage.so
7f092b80b000-7f092b80c000 rw-p 00007000 08:10 56435                      /usr/lib/jvm/java-11-openjdk-amd64/lib/libjimage.so
7f092b80c000-7f092b81a000 r--p 00000000 08:10 56432                      /usr/lib/jvm/java-11-openjdk-amd64/lib/libjava.so
7f092b81a000-7f092b830000 r-xp 0000e000 08:10 56432                      /usr/lib/jvm/java-11-openjdk-amd64/lib/libjava.so
7f092b830000-7f092b837000 r--p 00024000 08:10 56432                      /usr/lib/jvm/java-11-openjdk-amd64/lib/libjava.so
7f092b837000-7f092b838000 r--p 0002a000 08:10 56432                      /usr/lib/jvm/java-11-openjdk-amd64/lib/libjava.so
7f092b838000-7f092b839000 rw-p 0002b000 08:10 56432                      /usr/lib/jvm/java-11-openjdk-amd64/lib/libjava.so
7f092b839000-7f092b83a000 rw-p 00000000 00:00 0 
7f092b83a000-7f092b83d000 r--p 00000000 08:10 171401                     /usr/lib/x86_64-linux-gnu/librt-2.31.so
7f092b83d000-7f092b841000 r-xp 00003000 08:10 171401                     /usr/lib/x86_64-linux-gnu/librt-2.31.so
7f092b841000-7f092b842000 r--p 00007000 08:10 171401                     /usr/lib/x86_64-linux-gnu/librt-2.31.so
7f092b842000-7f092b843000 ---p 00008000 08:10 171401                     /usr/lib/x86_64-linux-gnu/librt-2.31.so
7f092b843000-7f092b844000 r--p 00008000 08:10 171401                     /usr/lib/x86_64-linux-gnu/librt-2.31.so
7f092b844000-7f092b845000 rw-p 00009000 08:10 171401                     /usr/lib/x86_64-linux-gnu/librt-2.31.so
7f092b845000-7f092b849000 ---p 00000000 00:00 0 
7f092b849000-7f092b946000 rw-p 00000000 00:00 0 
7f092b946000-7f092b949000 r--p 00000000 08:10 171437                     /usr/lib/x86_64-linux-gnu/libgcc_s.so.1
7f092b949000-7f092b95b000 r-xp 00003000 08:10 171437                     /usr/lib/x86_64-linux-gnu/libgcc_s.so.1
7f092b95b000-7f092b95f000 r--p 00015000 08:10 171437                     /usr/lib/x86_64-linux-gnu/libgcc_s.so.1
7f092b95f000-7f092b960000 r--p 00018000 08:10 171437                     /usr/lib/x86_64-linux-gnu/libgcc_s.so.1
7f092b960000-7f092b961000 rw-p 00019000 08:10 171437                     /usr/lib/x86_64-linux-gnu/libgcc_s.so.1
7f092b961000-7f092b970000 r--p 00000000 08:10 112590                     /usr/lib/x86_64-linux-gnu/libm-2.31.so
7f092b970000-7f092ba17000 r-xp 0000f000 08:10 112590                     /usr/lib/x86_64-linux-gnu/libm-2.31.so
7f092ba17000-7f092baae000 r--p 000b6000 08:10 112590                     /usr/lib/x86_64-linux-gnu/libm-2.31.so
7f092baae000-7f092baaf000 r--p 0014c000 08:10 112590                     /usr/lib/x86_64-linux-gnu/libm-2.31.so
7f092baaf000-7f092bab0000 rw-p 0014d000 08:10 112590                     /usr/lib/x86_64-linux-gnu/libm-2.31.so
7f092bab0000-7f092bb46000 r--p 00000000 08:10 112037                     /usr/lib/x86_64-linux-gnu/libstdc++.so.6.0.28
7f092bb46000-7f092bc37000 r-xp 00096000 08:10 112037                     /usr/lib/x86_64-linux-gnu/libstdc++.so.6.0.28
7f092bc37000-7f092bc80000 r--p 00187000 08:10 112037                     /usr/lib/x86_64-linux-gnu/libstdc++.so.6.0.28
7f092bc80000-7f092bc81000 ---p 001d0000 08:10 112037                     /usr/lib/x86_64-linux-gnu/libstdc++.so.6.0.28
7f092bc81000-7f092bc8c000 r--p 001d0000 08:10 112037                     /usr/lib/x86_64-linux-gnu/libstdc++.so.6.0.28
7f092bc8c000-7f092bc8f000 rw-p 001db000 08:10 112037                     /usr/lib/x86_64-linux-gnu/libstdc++.so.6.0.28
7f092bc8f000-7f092bc92000 rw-p 00000000 00:00 0 
7f092bc92000-7f092bf0c000 r--p 00000000 08:10 56466                      /usr/lib/jvm/java-11-openjdk-amd64/lib/server/libjvm.so
7f092bf0c000-7f092cb91000 r-xp 0027a000 08:10 56466                      /usr/lib/jvm/java-11-openjdk-amd64/lib/server/libjvm.so
7f092cb91000-7f092cde8000 r--p 00eff000 08:10 56466                      /usr/lib/jvm/java-11-openjdk-amd64/lib/server/libjvm.so
7f092cde8000-7f092cea9000 r--p 01155000 08:10 56466                      /usr/lib/jvm/java-11-openjdk-amd64/lib/server/libjvm.so
7f092cea9000-7f092cee4000 rw-p 01216000 08:10 56466                      /usr/lib/jvm/java-11-openjdk-amd64/lib/server/libjvm.so
7f092cee4000-7f092cf3d000 rw-p 00000000 00:00 0 
7f092cf3d000-7f092cf44000 r--p 00000000 08:10 171396                     /usr/lib/x86_64-linux-gnu/libpthread-2.31.so
7f092cf44000-7f092cf55000 r-xp 00007000 08:10 171396                     /usr/lib/x86_64-linux-gnu/libpthread-2.31.so
7f092cf55000-7f092cf5a000 r--p 00018000 08:10 171396                     /usr/lib/x86_64-linux-gnu/libpthread-2.31.so
7f092cf5a000-7f092cf5b000 r--p 0001c000 08:10 171396                     /usr/lib/x86_64-linux-gnu/libpthread-2.31.so
7f092cf5b000-7f092cf5c000 rw-p 0001d000 08:10 171396                     /usr/lib/x86_64-linux-gnu/libpthread-2.31.so
7f092cf5c000-7f092cf60000 rw-p 00000000 00:00 0 
7f092cf60000-7f092cf61000 r--p 00000000 08:10 112032                     /usr/lib/x86_64-linux-gnu/libdl-2.31.so
7f092cf61000-7f092cf63000 r-xp 00001000 08:10 112032                     /usr/lib/x86_64-linux-gnu/libdl-2.31.so
7f092cf63000-7f092cf64000 r--p 00003000 08:10 112032                     /usr/lib/x86_64-linux-gnu/libdl-2.31.so
7f092cf64000-7f092cf65000 r--p 00003000 08:10 112032                     /usr/lib/x86_64-linux-gnu/libdl-2.31.so
7f092cf65000-7f092cf66000 rw-p 00004000 08:10 112032                     /usr/lib/x86_64-linux-gnu/libdl-2.31.so
7f092cf66000-7f092cf68000 r--p 00000000 08:10 8643                       /usr/lib/x86_64-linux-gnu/libz.so.1.2.11
7f092cf68000-7f092cf79000 r-xp 00002000 08:10 8643                       /usr/lib/x86_64-linux-gnu/libz.so.1.2.11
7f092cf79000-7f092cf7f000 r--p 00013000 08:10 8643                       /usr/lib/x86_64-linux-gnu/libz.so.1.2.11
7f092cf7f000-7f092cf80000 ---p 00019000 08:10 8643                       /usr/lib/x86_64-linux-gnu/libz.so.1.2.11
7f092cf80000-7f092cf81000 r--p 00019000 08:10 8643                       /usr/lib/x86_64-linux-gnu/libz.so.1.2.11
7f092cf81000-7f092cf82000 rw-p 0001a000 08:10 8643                       /usr/lib/x86_64-linux-gnu/libz.so.1.2.11
7f092cf82000-7f092cfa7000 r--p 00000000 08:10 111771                     /usr/lib/x86_64-linux-gnu/libc-2.31.so
7f092cfa7000-7f092d11f000 r-xp 00025000 08:10 111771                     /usr/lib/x86_64-linux-gnu/libc-2.31.so
7f092d11f000-7f092d169000 r--p 0019d000 08:10 111771                     /usr/lib/x86_64-linux-gnu/libc-2.31.so
7f092d169000-7f092d16a000 ---p 001e7000 08:10 111771                     /usr/lib/x86_64-linux-gnu/libc-2.31.so
7f092d16a000-7f092d16d000 r--p 001e7000 08:10 111771                     /usr/lib/x86_64-linux-gnu/libc-2.31.so
7f092d16d000-7f092d170000 rw-p 001ea000 08:10 111771                     /usr/lib/x86_64-linux-gnu/libc-2.31.so
7f092d170000-7f092d174000 rw-p 00000000 00:00 0 
7f092d174000-7f092d175000 r--p 00000000 08:10 20376                      /usr/lib/locale/C.UTF-8/LC_MEASUREMENT
7f092d175000-7f092d176000 ---p 00000000 00:00 0 
7f092d176000-7f092d177000 r--p 00000000 00:00 0 
7f092d177000-7f092d17c000 r--p 00000000 08:10 56457                      /usr/lib/jvm/java-11-openjdk-amd64/lib/libverify.so
7f092d17c000-7f092d183000 r-xp 00005000 08:10 56457                      /usr/lib/jvm/java-11-openjdk-amd64/lib/libverify.so
7f092d183000-7f092d185000 r--p 0000c000 08:10 56457                      /usr/lib/jvm/java-11-openjdk-amd64/lib/libverify.so
7f092d185000-7f092d186000 ---p 0000e000 08:10 56457                      /usr/lib/jvm/java-11-openjdk-amd64/lib/libverify.so
7f092d186000-7f092d188000 r--p 0000e000 08:10 56457                      /usr/lib/jvm/java-11-openjdk-amd64/lib/libverify.so
7f092d188000-7f092d189000 rw-p 00010000 08:10 56457                      /usr/lib/jvm/java-11-openjdk-amd64/lib/libverify.so
7f092d189000-7f092d18c000 r--p 00000000 08:10 56411                      /usr/lib/jvm/java-11-openjdk-amd64/lib/jli/libjli.so
7f092d18c000-7f092d196000 r-xp 00003000 08:10 56411                      /usr/lib/jvm/java-11-openjdk-amd64/lib/jli/libjli.so
7f092d196000-7f092d199000 r--p 0000d000 08:10 56411                      /usr/lib/jvm/java-11-openjdk-amd64/lib/jli/libjli.so
7f092d199000-7f092d19a000 ---p 00010000 08:10 56411                      /usr/lib/jvm/java-11-openjdk-amd64/lib/jli/libjli.so
7f092d19a000-7f092d19b000 r--p 00010000 08:10 56411                      /usr/lib/jvm/java-11-openjdk-amd64/lib/jli/libjli.so
7f092d19b000-7f092d19c000 rw-p 00011000 08:10 56411                      /usr/lib/jvm/java-11-openjdk-amd64/lib/jli/libjli.so
7f092d19c000-7f092d19e000 rw-p 00000000 00:00 0 
7f092d19e000-7f092d19f000 r--p 00000000 08:10 65577                      /usr/lib/x86_64-linux-gnu/ld-2.31.so
7f092d19f000-7f092d1c2000 r-xp 00001000 08:10 65577                      /usr/lib/x86_64-linux-gnu/ld-2.31.so
7f092d1c2000-7f092d1ca000 r--p 00024000 08:10 65577                      /usr/lib/x86_64-linux-gnu/ld-2.31.so
7f092d1ca000-7f092d1cb000 r--p 00000000 08:10 20375                      /usr/lib/locale/C.UTF-8/LC_IDENTIFICATION
7f092d1cb000-7f092d1cc000 r--p 0002c000 08:10 65577                      /usr/lib/x86_64-linux-gnu/ld-2.31.so
7f092d1cc000-7f092d1cd000 rw-p 0002d000 08:10 65577                      /usr/lib/x86_64-linux-gnu/ld-2.31.so
7f092d1cd000-7f092d1ce000 rw-p 00000000 00:00 0 
7ffeaa317000-7ffeaa339000 rw-p 00000000 00:00 0                          [stack]
7ffeaa369000-7ffeaa36c000 r--p 00000000 00:00 0                          [vvar]
7ffeaa36c000-7ffeaa36e000 r-xp 00000000 00:00 0                          [vdso]


VM Arguments:
java_command: target/spring-petclinic-consumer-2.5.1.jar --eureka.instance.hostname=DESKTOP-MIHEKP9 --eureka.instance.ip-address=127.0.0.1 --eureka.instance.prefer-ip-address=true --spring.profiles.active=mysql
java_class_path (initial): target/spring-petclinic-consumer-2.5.1.jar
Launcher Type: SUN_STANDARD

[Global flags]
     intx CICompilerCount                          = 3                                         {product} {ergonomic}
     uint ConcGCThreads                            = 1                                         {product} {ergonomic}
     uint G1ConcRefinementThreads                  = 4                                         {product} {ergonomic}
   size_t G1HeapRegionSize                         = 1048576                                   {product} {ergonomic}
    uintx GCDrainStackTargetSize                   = 64                                        {product} {ergonomic}
   size_t InitialHeapSize                          = 50331648                                  {product} {ergonomic}
   size_t MarkStackSize                            = 4194304                                   {product} {ergonomic}
   size_t MaxHeapSize                              = 784334848                                 {product} {ergonomic}
   size_t MaxNewSize                               = 469762048                                 {product} {ergonomic}
   size_t MinHeapDeltaBytes                        = 1048576                                   {product} {ergonomic}
    uintx NonNMethodCodeHeapSize                   = 5830732                                {pd product} {ergonomic}
    uintx NonProfiledCodeHeapSize                  = 122913754                              {pd product} {ergonomic}
    uintx ProfiledCodeHeapSize                     = 122913754                              {pd product} {ergonomic}
    uintx ReservedCodeCacheSize                    = 251658240                              {pd product} {ergonomic}
     bool SegmentedCodeCache                       = true                                      {product} {ergonomic}
     bool UseCompressedClassPointers               = true                                 {lp64_product} {ergonomic}
     bool UseCompressedOops                        = true                                 {lp64_product} {ergonomic}
     bool UseG1GC                                  = true                                      {product} {ergonomic}

Logging:
Log output configuration:
 #0: stdout all=warning uptime,level,tags
 #1: stderr all=off uptime,level,tags

Environment Variables:
JAVA_HOME=/usr/lib/jvm/java-11-openjdk-amd64
PATH=/root/Workspace/Lombard/j2ee-app-modernization/lib/gl/bin:/mnt/c/Workspace/Java/kotlin-native-linux-x86_64-1.6.10/bin:/root/.istioctl/bin:/usr/lib/jvm/java-11-openjdk-amd64/bin:/root/Workspace/Lib/gradle-7.1.1/bin:/root/Workspace/Lib/apache-maven-3.6.3/bin:/root/Workspace/Lib/ant/bin:/usr/local/sbin:/usr/local/bin:/usr/sbin:/usr/bin:/sbin:/bin:/usr/games:/usr/local/games:/usr/lib/wsl/lib:/mnt/c/Java/jdk-11.0.12/bin:/mnt/c/Program Files/Common Files/Oracle/Java/javapath:/mnt/c/Lib/gradle-7.0/bin:/mnt/c/Workspace/Lib/apache-maven-3.8.1/bin:/mnt/c/Workspace/platform-tools:/mnt/c/WINDOWS/system32:/mnt/c/WINDOWS:/mnt/c/WINDOWS/System32/Wbem:/mnt/c/WINDOWS/System32/WindowsPowerShell/v1.0/:/mnt/c/WINDOWS/System32/OpenSSH/:/mnt/c/Program Files/dotnet/:/mnt/c/Program Files/Microsoft SQL Server/130/Tools/Binn/:/mnt/c/Program Files/Microsoft SQL Server/Client SDK/ODBC/170/Tools/Binn/:/mnt/c/Program Files/Git/cmd:/mnt/c/Lib/nodejs-v14.17.0-x64/:/mnt/c/Program Files/Docker/Docker/resources/bin:/mnt/c/ProgramData/DockerDesktop/version-bin:/mnt/c/Java/kotlin-native-windows-x86_64-1.6.10/bin:/mnt/c/Users/nudbe/AppData/Local/Android/Sdk/bin:/mnt/c/Bin:/mnt/c/Users/nudbe/AppData/Local/Microsoft/WindowsApps:/mnt/c/Users/nudbe/.dotnet/tools:/mnt/c/Users/nudbe/AppData/Local/Programs/Microsoft VS Code/bin:/mnt/c/Lib:/mnt/c/Lib/nodejs:/mnt/c/Users/nudbe/AppData/Roaming/npm:/mnt/c/Users/nudbe/AppData/Local/GitHubDesktop/bin:/snap/bin:/root/.dotnet/tools
SHELL=/bin/bash
DISPLAY=172.26.224.1:0
HOSTTYPE=x86_64
LANG=C.UTF-8

Signal Handlers:
SIGSEGV: [libjvm.so+0xe8ba00], sa_mask[0]=11111111011111111101111111111110, sa_flags=SA_RESTART|SA_SIGINFO
SIGBUS: [libjvm.so+0xe8ba00], sa_mask[0]=11111111011111111101111111111110, sa_flags=SA_RESTART|SA_SIGINFO
SIGFPE: [libjvm.so+0xe8ba00], sa_mask[0]=11111111011111111101111111111110, sa_flags=SA_RESTART|SA_SIGINFO
SIGPIPE: [libjvm.so+0xbd10f0], sa_mask[0]=11111111011111111101111111111110, sa_flags=SA_RESTART|SA_SIGINFO
SIGXFSZ: [libjvm.so+0xbd10f0], sa_mask[0]=11111111011111111101111111111110, sa_flags=SA_RESTART|SA_SIGINFO
SIGILL: [libjvm.so+0xe8ba00], sa_mask[0]=11111111011111111101111111111110, sa_flags=SA_RESTART|SA_SIGINFO
SIGUSR2: [libjvm.so+0xbd0f90], sa_mask[0]=00000000000000000000000000000000, sa_flags=SA_RESTART|SA_SIGINFO
SIGHUP: SIG_IGN, sa_mask[0]=00000000000000000000000000000000, sa_flags=none
SIGINT: SIG_IGN, sa_mask[0]=00000000000000000000000000000000, sa_flags=none
SIGTERM: [libjvm.so+0xbd1430], sa_mask[0]=11111111011111111101111111111110, sa_flags=SA_RESTART|SA_SIGINFO
SIGQUIT: [libjvm.so+0xbd1430], sa_mask[0]=11111111011111111101111111111110, sa_flags=SA_RESTART|SA_SIGINFO


---------------  S Y S T E M  ---------------

OS:DISTRIB_ID=Ubuntu
DISTRIB_RELEASE=20.04
DISTRIB_CODENAME=focal
DISTRIB_DESCRIPTION="Ubuntu 20.04.3 LTS"
uname:Linux 4.19.128-microsoft-standard #1 SMP Tue Jun 23 12:58:10 UTC 2020 x86_64
OS uptime: 0 days 12:10 hours
libc:glibc 2.31 NPTL 2.31 
rlimit (soft/hard): STACK 8192k/infinity , CORE 0k/infinity , NPROC 11942/11942 , NOFILE 4096/4096 , AS infinity/infinity , CPU infinity/infinity , DATA infinity/infinity , FSIZE infinity/infinity , MEMLOCK 64k/64k
load average:0.05 0.24 0.16

/proc/meminfo:
MemTotal:        3062200 kB
MemFree:           64780 kB
MemAvailable:          0 kB
Buffers:             648 kB
Cached:             9956 kB
SwapCached:         1176 kB
Active:          2311504 kB
Inactive:         587352 kB
Active(anon):    2310824 kB
Inactive(anon):   577720 kB
Active(file):        680 kB
Inactive(file):     9632 kB
Unevictable:           0 kB
Mlocked:               0 kB
SwapTotal:       1048576 kB
SwapFree:             48 kB
Dirty:                40 kB
Writeback:             0 kB
AnonPages:       2886400 kB
Mapped:             7240 kB
Shmem:                40 kB
Slab:              33424 kB
SReclaimable:      14324 kB
SUnreclaim:        19100 kB
KernelStack:       10176 kB
PageTables:        11656 kB
NFS_Unstable:          0 kB
Bounce:                0 kB
WritebackTmp:          0 kB
CommitLimit:     2579676 kB
Committed_AS:    3796064 kB
VmallocTotal:   34359738367 kB
VmallocUsed:           0 kB
VmallocChunk:          0 kB
Percpu:              944 kB
AnonHugePages:   1560576 kB
ShmemHugePages:        0 kB
ShmemPmdMapped:        0 kB
HugePages_Total:       0
HugePages_Free:        0
HugePages_Rsvd:        0
HugePages_Surp:        0
Hugepagesize:       2048 kB
Hugetlb:               0 kB
DirectMap4k:       13312 kB
DirectMap2M:     2082816 kB
DirectMap1G:     3145728 kB

/sys/kernel/mm/transparent_hugepage/enabled:
[always] madvise never
/sys/kernel/mm/transparent_hugepage/defrag (defrag/compaction efforts parameter):
always defer defer+madvise [madvise] never

Process Memory:
Virtual Size: 4554928K (peak: 12149912K)
Resident Set Size: 369780K (peak: 432144K) (anon: 369780K, file: 0K, shmem: 0K)
Swapped out: 100444K
C-Heap outstanding allocations: 45703K

/proc/sys/kernel/threads-max (system-wide limit on the number of threads):
23885
/proc/sys/vm/max_map_count (maximum number of memory map areas a process may have):
65530
/proc/sys/kernel/pid_max (system-wide limit on number of process identifiers):
32768

container (cgroup) information:
container_type: cgroupv1
cpu_cpuset_cpus: 0-3
cpu_memory_nodes: 0
active_processor_count: 4
cpu_quota: -1
cpu_period: 100000
cpu_shares: -1
memory_limit_in_bytes: -1
memory_and_swap_limit_in_bytes: -1
memory_soft_limit_in_bytes: -1
memory_usage_in_bytes: 2967740416
memory_max_usage_in_bytes: 3073769472

Hyper-V virtualization detected
Steal ticks since vm start: 0
Steal ticks percentage since vm start:  0.000

CPU:total 4 (initial active 4) (2 cores per cpu, 2 threads per core) family 6 model 165 stepping 2 microcode 0xffffffff, cmov, cx8, fxsr, mmx, sse, sse2, sse3, ssse3, sse4.1, sse4.2, popcnt, avx, avx2, aes, clmul, erms, 3dnowpref, lzcnt, ht, tsc, bmi1, bmi2, adx, fma
CPU Model and flags from /proc/cpuinfo:
model name	: Intel(R) Core(TM) i7-10750H CPU @ 2.60GHz
flags		: fpu vme de pse tsc msr pae mce cx8 apic sep mtrr pge mca cmov pat pse36 clflush mmx fxsr sse sse2 ss ht syscall nx pdpe1gb rdtscp lm constant_tsc rep_good nopl xtopology cpuid pni pclmulqdq ssse3 fma cx16 pcid sse4_1 sse4_2 movbe popcnt aes xsave avx f16c rdrand hypervisor lahf_lm abm 3dnowprefetch invpcid_single ssbd ibrs ibpb stibp ibrs_enhanced fsgsbase bmi1 avx2 smep bmi2 erms invpcid rdseed adx smap clflushopt xsaveopt xsavec xgetbv1 xsaves flush_l1d arch_capabilities
Online cpus:
0-3
Offline cpus:

BIOS frequency limitation:
<Not Available>
Frequency switch latency (ns):
<Not Available>
Available cpu frequencies:
<Not Available>
Current governor:
<Not Available>
Core performance/turbo boost:
<Not Available>

Memory: 4k page, physical 3062200k(64528k free), swap 1048576k(92k free)

vm_info: OpenJDK 64-Bit Server VM (11.0.11+9-Ubuntu-0ubuntu2.20.04) for linux-amd64 JRE (11.0.11+9-Ubuntu-0ubuntu2.20.04), built on Apr 21 2021 09:15:32 by "unknown" with gcc 9.3.0

END.
